13:45:58.727 karate.env system property was:  
13:45:58.806 preferred port 9515 not available, will use: 63148
13:46:13.990 request:
1 > POST https://api.spotify.com/v1/users/316s7gmalqadz6tzvbgbmv342grm/playlists
1 > Accept-Encoding: gzip,deflate
1 > Authorization: Bearer BQA1iWqQedZ6bEUDxR-1gMfRteKlc6M_FWct9J9GAV5oBng1fYlbLyIeYlzmtriaqkMkJet9-HfTGSSvLzQueMz5ngWXhSeKclB0RivzwH_rJp7TZ_4__qcD80zxY4X8MnDzRPGZzl8SEK6PUXJnTGmyRxJayiE_l1xdq3OYIo1LRpi-rlNXShZ-a2kIY9gdIiEikl2uFXkGU_zmA4lPHIGBtUVMn0LUJvPZFwVQ-7xqWqqbLWT1kv5EBwZVCe2edBkfHgiK8CimPyAf
1 > Connection: Keep-Alive
1 > Content-Length: 82
1 > Content-Type: application/json; charset=UTF-8
1 > Host: api.spotify.com
1 > User-Agent: Apache-HttpClient/4.5.12 (Java/1.8.0_281)
{"name":"MentorLabs Faz2","description":"New playlist description","public":false}

13:46:14.880 response time in milliseconds: 888,60
1 < 201
1 < Alt-Svc: h3=":443"; ma=2592000,h3-29=":443"; ma=2592000
1 < Transfer-Encoding: chunked
1 < Via: HTTP/2 edgeproxy, 1.1 google
1 < access-control-allow-credentials: true
1 < access-control-allow-headers: Accept, App-Platform, Authorization, Content-Type, Origin, Retry-After, Spotify-App-Version, X-Cloud-Trace-Context, client-token, content-access-token
1 < access-control-allow-methods: GET, POST, OPTIONS, PUT, DELETE, PATCH
1 < access-control-allow-origin: *
1 < access-control-max-age: 604800
1 < cache-control: private, max-age=0
1 < content-type: application/json; charset=utf-8
1 < date: Thu, 23 Jun 2022 10:46:14 GMT
1 < location: https://api.spotify.com/v1/playlists/0cVHt5ZXyJSatNHlhJ2L09
1 < server: envoy
1 < strict-transport-security: max-age=31536000
1 < x-content-type-options: nosniff
1 < x-robots-tag: noindex, nofollow
{
  "collaborative" : false,
  "description" : "New playlist description",
  "external_urls" : {
    "spotify" : "https://open.spotify.com/playlist/0cVHt5ZXyJSatNHlhJ2L09"
  },
  "followers" : {
    "href" : null,
    "total" : 0
  },
  "href" : "https://api.spotify.com/v1/playlists/0cVHt5ZXyJSatNHlhJ2L09",
  "id" : "0cVHt5ZXyJSatNHlhJ2L09",
  "images" : [ ],
  "name" : "MentorLabs Faz2",
  "owner" : {
    "display_name" : "elif",
    "external_urls" : {
      "spotify" : "https://open.spotify.com/user/316s7gmalqadz6tzvbgbmv342grm"
    },
    "href" : "https://api.spotify.com/v1/users/316s7gmalqadz6tzvbgbmv342grm",
    "id" : "316s7gmalqadz6tzvbgbmv342grm",
    "type" : "user",
    "uri" : "spotify:user:316s7gmalqadz6tzvbgbmv342grm"
  },
  "primary_color" : null,
  "public" : false,
  "snapshot_id" : "MSw0MzViNzBhNmZjZTc2YmVhOTY0ZTM2NWQ0N2FkNGUyYzViM2RmYWQ0",
  "tracks" : {
    "href" : "https://api.spotify.com/v1/playlists/0cVHt5ZXyJSatNHlhJ2L09/tracks",
    "items" : [ ],
    "limit" : 100,
    "next" : null,
    "offset" : 0,
    "previous" : null,
    "total" : 0
  },
  "type" : "playlist",
  "uri" : "spotify:playlist:0cVHt5ZXyJSatNHlhJ2L09"
}

13:46:14.900 request:
2 > POST https://api.spotify.com/v1/playlists/0cVHt5ZXyJSatNHlhJ2L09/tracks
2 > Accept-Encoding: gzip,deflate
2 > Authorization: Bearer BQA1iWqQedZ6bEUDxR-1gMfRteKlc6M_FWct9J9GAV5oBng1fYlbLyIeYlzmtriaqkMkJet9-HfTGSSvLzQueMz5ngWXhSeKclB0RivzwH_rJp7TZ_4__qcD80zxY4X8MnDzRPGZzl8SEK6PUXJnTGmyRxJayiE_l1xdq3OYIo1LRpi-rlNXShZ-a2kIY9gdIiEikl2uFXkGU_zmA4lPHIGBtUVMn0LUJvPZFwVQ-7xqWqqbLWT1kv5EBwZVCe2edBkfHgiK8CimPyAf
2 > Connection: Keep-Alive
2 > Content-Length: 62
2 > Content-Type: application/json; charset=UTF-8
2 > Host: api.spotify.com
2 > User-Agent: Apache-HttpClient/4.5.12 (Java/1.8.0_281)
{"uris":["spotify:track:3MrRksHupTVEQ7YbA0FsZK"],"position":0}

13:46:15.521 response time in milliseconds: 620,73
2 < 201
2 < Alt-Svc: h3=":443"; ma=2592000,h3-29=":443"; ma=2592000
2 < Transfer-Encoding: chunked
2 < Via: HTTP/2 edgeproxy, 1.1 google
2 < access-control-allow-credentials: true
2 < access-control-allow-headers: Accept, App-Platform, Authorization, Content-Type, Origin, Retry-After, Spotify-App-Version, X-Cloud-Trace-Context, client-token, content-access-token
2 < access-control-allow-methods: GET, POST, OPTIONS, PUT, DELETE, PATCH
2 < access-control-allow-origin: *
2 < access-control-max-age: 604800
2 < cache-control: private, max-age=0
2 < content-type: application/json; charset=utf-8
2 < date: Thu, 23 Jun 2022 10:46:15 GMT
2 < server: envoy
2 < strict-transport-security: max-age=31536000
2 < x-content-type-options: nosniff
2 < x-robots-tag: noindex, nofollow
{
  "snapshot_id" : "MixiNjBjMzQwNmYxNTQ3NGU2ZTRjYzdkMjk2NzdlMjM3NmZmZGZkZmRh"
}

13:46:24.946 request:
3 > GET https://api.spotify.com/v1/me/player/currently-playing
3 > Accept-Encoding: gzip,deflate
3 > Authorization: Bearer BQA1iWqQedZ6bEUDxR-1gMfRteKlc6M_FWct9J9GAV5oBng1fYlbLyIeYlzmtriaqkMkJet9-HfTGSSvLzQueMz5ngWXhSeKclB0RivzwH_rJp7TZ_4__qcD80zxY4X8MnDzRPGZzl8SEK6PUXJnTGmyRxJayiE_l1xdq3OYIo1LRpi-rlNXShZ-a2kIY9gdIiEikl2uFXkGU_zmA4lPHIGBtUVMn0LUJvPZFwVQ-7xqWqqbLWT1kv5EBwZVCe2edBkfHgiK8CimPyAf
3 > Connection: Keep-Alive
3 > Host: api.spotify.com
3 > User-Agent: Apache-HttpClient/4.5.12 (Java/1.8.0_281)

13:46:25.785 response time in milliseconds: 837,18
3 < 200
3 < Alt-Svc: h3=":443"; ma=2592000,h3-29=":443"; ma=2592000
3 < Transfer-Encoding: chunked
3 < Via: HTTP/2 edgeproxy, 1.1 google
3 < access-control-allow-credentials: true
3 < access-control-allow-headers: Accept, App-Platform, Authorization, Content-Type, Origin, Retry-After, Spotify-App-Version, X-Cloud-Trace-Context, client-token, content-access-token
3 < access-control-allow-methods: GET, POST, OPTIONS, PUT, DELETE, PATCH
3 < access-control-allow-origin: *
3 < access-control-max-age: 604800
3 < cache-control: private, max-age=0
3 < content-type: application/json; charset=utf-8
3 < date: Thu, 23 Jun 2022 10:46:25 GMT
3 < server: envoy
3 < strict-transport-security: max-age=31536000
3 < x-content-type-options: nosniff
3 < x-robots-tag: noindex, nofollow
{
  "timestamp" : 1655981183883,
  "context" : {
    "external_urls" : {
      "spotify" : "https://open.spotify.com/playlist/1wwRbK8Tigb6XU2LWkbKw1"
    },
    "href" : "https://api.spotify.com/v1/playlists/1wwRbK8Tigb6XU2LWkbKw1",
    "type" : "playlist",
    "uri" : "spotify:playlist:1wwRbK8Tigb6XU2LWkbKw1"
  },
  "progress_ms" : 145210,
  "item" : {
    "album" : {
      "album_type" : "album",
      "artists" : [ {
        "external_urls" : {
          "spotify" : "https://open.spotify.com/artist/7Js6Lde8thlIHXggv2SCBz"
        },
        "href" : "https://api.spotify.com/v1/artists/7Js6Lde8thlIHXggv2SCBz",
        "id" : "7Js6Lde8thlIHXggv2SCBz",
        "name" : "Europe",
        "type" : "artist",
        "uri" : "spotify:artist:7Js6Lde8thlIHXggv2SCBz"
      } ],
      "available_markets" : [ "AD", "AE", "AG", "AL", "AM", "AO", "AR", "AT", "AU", "AZ", "BA", "BB", "BD", "BE", "BF", "BG", "BH", "BI", "BJ", "BN", "BO", "BR", "BS", "BT", "BW", "BY", "BZ", "CA", "CD", "CG", "CH", "CI", "CL", "CM", "CO", "CR", "CV", "CW", "CY", "CZ", "DE", "DJ", "DK", "DM", "DO", "DZ", "EC", "EE", "EG", "ES", "FI", "FJ", "FM", "FR", "GA", "GB", "GD", "GE", "GH", "GM", "GN", "GQ", "GR", "GT", "GW", "GY", "HK", "HN", "HR", "HT", "HU", "ID", "IE", "IL", "IN", "IQ", "IS", "IT", "JM", "JO", "JP", "KE", "KG", "KH", "KI", "KM", "KN", "KR", "KW", "KZ", "LA", "LB", "LC", "LI", "LK", "LR", "LS", "LT", "LU", "LV", "LY", "MA", "MC", "MD", "ME", "MG", "MH", "MK", "ML", "MN", "MO", "MR", "MT", "MU", "MV", "MW", "MX", "MY", "MZ", "NA", "NE", "NG", "NI", "NL", "NO", "NP", "NR", "NZ", "OM", "PA", "PE", "PG", "PH", "PK", "PL", "PS", "PT", "PW", "PY", "QA", "RO", "RS", "RW", "SA", "SB", "SC", "SE", "SG", "SI", "SK", "SL", "SM", "SN", "SR", "ST", "SV", "SZ", "TD", "TG", "TH", "TJ", "TL", "TN", "TO", "TR", "TT", "TV", "TW", "TZ", "UA", "UG", "US", "UY", "UZ", "VC", "VE", "VN", "VU", "WS", "XK", "ZA", "ZM", "ZW" ],
      "external_urls" : {
        "spotify" : "https://open.spotify.com/album/5Jkd47JEaCU1g4DcGBnHm3"
      },
      "href" : "https://api.spotify.com/v1/albums/5Jkd47JEaCU1g4DcGBnHm3",
      "id" : "5Jkd47JEaCU1g4DcGBnHm3",
      "images" : [ {
        "height" : 640,
        "url" : "https://i.scdn.co/image/ab67616d0000b2732d925cec3072ed1b74e5188f",
        "width" : 640
      }, {
        "height" : 300,
        "url" : "https://i.scdn.co/image/ab67616d00001e022d925cec3072ed1b74e5188f",
        "width" : 300
      }, {
        "height" : 64,
        "url" : "https://i.scdn.co/image/ab67616d000048512d925cec3072ed1b74e5188f",
        "width" : 64
      } ],
      "name" : "The Final Countdown (Expanded Edition)",
      "release_date" : "1986",
      "release_date_precision" : "year",
      "total_tracks" : 13,
      "type" : "album",
      "uri" : "spotify:album:5Jkd47JEaCU1g4DcGBnHm3"
    },
    "artists" : [ {
      "external_urls" : {
        "spotify" : "https://open.spotify.com/artist/7Js6Lde8thlIHXggv2SCBz"
      },
      "href" : "https://api.spotify.com/v1/artists/7Js6Lde8thlIHXggv2SCBz",
      "id" : "7Js6Lde8thlIHXggv2SCBz",
      "name" : "Europe",
      "type" : "artist",
      "uri" : "spotify:artist:7Js6Lde8thlIHXggv2SCBz"
    } ],
    "available_markets" : [ "AD", "AE", "AG", "AL", "AM", "AO", "AR", "AT", "AU", "AZ", "BA", "BB", "BD", "BE", "BF", "BG", "BH", "BI", "BJ", "BN", "BO", "BR", "BS", "BT", "BW", "BY", "BZ", "CA", "CD", "CG", "CH", "CI", "CL", "CM", "CO", "CR", "CV", "CW", "CY", "CZ", "DE", "DJ", "DK", "DM", "DO", "DZ", "EC", "EE", "EG", "ES", "FI", "FJ", "FM", "FR", "GA", "GB", "GD", "GE", "GH", "GM", "GN", "GQ", "GR", "GT", "GW", "GY", "HK", "HN", "HR", "HT", "HU", "ID", "IE", "IL", "IN", "IQ", "IS", "IT", "JM", "JO", "JP", "KE", "KG", "KH", "KI", "KM", "KN", "KR", "KW", "KZ", "LA", "LB", "LC", "LI", "LK", "LR", "LS", "LT", "LU", "LV", "LY", "MA", "MC", "MD", "ME", "MG", "MH", "MK", "ML", "MN", "MO", "MR", "MT", "MU", "MV", "MW", "MX", "MY", "MZ", "NA", "NE", "NG", "NI", "NL", "NO", "NP", "NR", "NZ", "OM", "PA", "PE", "PG", "PH", "PK", "PL", "PS", "PT", "PW", "PY", "QA", "RO", "RS", "RW", "SA", "SB", "SC", "SE", "SG", "SI", "SK", "SL", "SM", "SN", "SR", "ST", "SV", "SZ", "TD", "TG", "TH", "TJ", "TL", "TN", "TO", "TR", "TT", "TV", "TW", "TZ", "UA", "UG", "US", "UY", "UZ", "VC", "VE", "VN", "VU", "WS", "XK", "ZA", "ZM", "ZW" ],
    "disc_number" : 1,
    "duration_ms" : 310333,
    "explicit" : false,
    "external_ids" : {
      "isrc" : "USSM18600196"
    },
    "external_urls" : {
      "spotify" : "https://open.spotify.com/track/3MrRksHupTVEQ7YbA0FsZK"
    },
    "href" : "https://api.spotify.com/v1/tracks/3MrRksHupTVEQ7YbA0FsZK",
    "id" : "3MrRksHupTVEQ7YbA0FsZK",
    "is_local" : false,
    "name" : "The Final Countdown",
    "popularity" : 77,
    "preview_url" : "https://p.scdn.co/mp3-preview/907f765ae07f55b73af6a2e7918a4273168fef48?cid=774b29d4f13844c495f206cafdad9c86",
    "track_number" : 1,
    "type" : "track",
    "uri" : "spotify:track:3MrRksHupTVEQ7YbA0FsZK"
  },
  "currently_playing_type" : "track",
  "actions" : {
    "disallows" : {
      "resuming" : true,
      "skipping_prev" : true
    }
  },
  "is_playing" : true
}

13:46:25.799 [print] Song Matched
  "external_urls" : {
            "spotify" : "https://open.spotify.com/artist/0LyfQWJT6nXafLPZqxe9Of"
          },
          "href" : "https://api.spotify.com/v1/artists/0LyfQWJT6nXafLPZqxe9Of",
          "id" : "0LyfQWJT6nXafLPZqxe9Of",
          "name" : "Various Artists",
          "type" : "artist",
          "uri" : "spotify:artist:0LyfQWJT6nXafLPZqxe9Of"
        } ],
        "available_markets" : [ "AE", "AL", "AR", "AT", "AU", "BA", "BE", "BG", "BH", "BO", "BR", "CA", "CH", "CI", "CL", "CM", "CO", "CR", "CW", "CY", "CZ", "DE", "DK", "DO", "DZ", "EC", "EE", "EG", "ES", "FI", "FR", "GB", "GH", "GR", "GT", "HK", "HN", "HR", "HU", "ID", "IE", "IL", "IN", "IS", "IT", "JP", "KE", "KH", "KR", "KW", "LB", "LK", "LT", "LU", "LV", "MA", "ME", "MK", "MT", "MX", "MY", "NG", "NI", "NL", "NO", "NZ", "OM", "PA", "PE", "PH", "PL", "PT", "PY", "QA", "RO", "RS", "SA", "SE", "SG", "SI", "SK", "SN", "SV", "TH", "TN", "TR", "TT", "TW", "UA", "US", "UY", "VE", "VN", "XK", "ZA" ],
        "external_urls" : {
          "spotify" : "https://open.spotify.com/album/1rX82GiViSaPbjKU919dci"
        },
        "href" : "https://api.spotify.com/v1/albums/1rX82GiViSaPbjKU919dci",
        "id" : "1rX82GiViSaPbjKU919dci",
        "images" : [ {
          "height" : 640,
          "url" : "https://i.scdn.co/image/ab67616d0000b27396b8303581d94d31d4fce416",
          "width" : 640
        }, {
          "height" : 300,
          "url" : "https://i.scdn.co/image/ab67616d00001e0296b8303581d94d31d4fce416",
          "width" : 300
        }, {
          "height" : 64,
          "url" : "https://i.scdn.co/image/ab67616d0000485196b8303581d94d31d4fce416",
          "width" : 64
        } ],
        "name" : "Pride 2022",
        "release_date" : "2022-06-10",
        "release_date_precision" : "day",
        "total_tracks" : 46,
        "type" : "album",
        "uri" : "spotify:album:1rX82GiViSaPbjKU919dci"
      },
      "artists" : [ {
        "external_urls" : {
          "spotify" : "https://open.spotify.com/artist/1Xyo4u8uXC1ZmMpatF05PJ"
        },
        "href" : "https://api.spotify.com/v1/artists/1Xyo4u8uXC1ZmMpatF05PJ",
        "id" : "1Xyo4u8uXC1ZmMpatF05PJ",
        "name" : "The Weeknd",
        "type" : "artist",
        "uri" : "spotify:artist:1Xyo4u8uXC1ZmMpatF05PJ"
      } ],
      "available_markets" : [ "AE", "AL", "AR", "AT", "AU", "BA", "BE", "BG", "BH", "BO", "BR", "CA", "CH", "CI", "CL", "CM", "CO", "CR", "CW", "CY", "CZ", "DE", "DK", "DO", "DZ", "EC", "EE", "EG", "ES", "FI", "FR", "GB", "GH", "GR", "GT", "HK", "HN", "HR", "HU", "ID", "IE", "IL", "IN", "IS", "IT", "JP", "KE", "KH", "KR", "KW", "LB", "LK", "LT", "LU", "LV", "MA", "ME", "MK", "MT", "MX", "MY", "NG", "NI", "NL", "NO", "NZ", "OM", "PA", "PE", "PH", "PL", "PT", "PY", "QA", "RO", "RS", "SA", "SE", "SG", "SI", "SK", "SN", "SV", "TH", "TN", "TR", "TT", "TW", "UA", "US", "UY", "VE", "VN", "XK", "ZA" ],
      "disc_number" : 1,
      "duration_ms" : 201573,
      "explicit" : false,
      "external_ids" : {
        "isrc" : "USUG11904206"
      },
      "external_urls" : {
        "spotify" : "https://open.spotify.com/track/076Zq8JeyFLeH9vD2rlfnR"
      },
      "href" : "https://api.spotify.com/v1/tracks/076Zq8JeyFLeH9vD2rlfnR",
      "id" : "076Zq8JeyFLeH9vD2rlfnR",
      "is_local" : false,
      "name" : "Blinding Lights",
      "popularity" : 4,
      "preview_url" : null,
      "track_number" : 6,
      "type" : "track",
      "uri" : "spotify:track:076Zq8JeyFLeH9vD2rlfnR"
    }, {
      "album" : {
        "album_type" : "album",
        "artists" : [ {
          "external_urls" : {
            "spotify" : "https://open.spotify.com/artist/6eUKZXaKkcviH0Ku9w2n3V"
          },
          "href" : "https://api.spotify.com/v1/artists/6eUKZXaKkcviH0Ku9w2n3V",
          "id" : "6eUKZXaKkcviH0Ku9w2n3V",
          "name" : "Ed Sheeran",
          "type" : "artist",
          "uri" : "spotify:artist:6eUKZXaKkcviH0Ku9w2n3V"
        } ],
        "available_markets" : [ "AD", "AE", "AG", "AL", "AM", "AO", "AR", "AT", "AU", "AZ", "BA", "BB", "BD", "BE", "BF", "BG", "BH", "BI", "BJ", "BN", "BO", "BR", "BS", "BT", "BW", "BY", "BZ", "CA", "CD", "CG", "CH", "CI", "CL", "CM", "CO", "CR", "CV", "CW", "CY", "CZ", "DE", "DJ", "DK", "DM", "DO", "DZ", "EC", "EE", "EG", "ES", "FI", "FJ", "FM", "FR", "GA", "GB", "GD", "GE", "GH", "GM", "GN", "GQ", "GR", "GT", "GW", "GY", "HK", "HN", "HR", "HT", "HU", "ID", "IE", "IL", "IN", "IQ", "IS", "IT", "JM", "JO", "JP", "KE", "KG", "KH", "KI", "KM", "KN", "KR", "KW", "KZ", "LA", "LB", "LC", "LI", "LK", "LR", "LS", "LT", "LU", "LV", "LY", "MA", "MC", "MD", "ME", "MG", "MH", "MK", "ML", "MN", "MO", "MR", "MT", "MU", "MV", "MW", "MX", "MY", "MZ", "NA", "NE", "NG", "NI", "NL", "NO", "NP", "NR", "NZ", "OM", "PA", "PE", "PG", "PH", "PK", "PL", "PS", "PT", "PW", "PY", "QA", "RO", "RS", "RW", "SA", "SB", "SC", "SE", "SG", "SI", "SK", "SL", "SM", "SN", "SR", "ST", "SV", "SZ", "TD", "TG", "TH", "TJ", "TL", "TN", "TO", "TR", "TT", "TV", "TW", "TZ", "UA", "UG", "US", "UY", "UZ", "VC", "VE", "VN", "VU", "WS", "XK", "ZA", "ZM", "ZW" ],
        "external_urls" : {
          "spotify" : "https://open.spotify.com/album/3T4tUhGYeRNVUGevb0wThu"
        },
        "href" : "https://api.spotify.com/v1/albums/3T4tUhGYeRNVUGevb0wThu",
        "id" : "3T4tUhGYeRNVUGevb0wThu",
        "images" : [ {
          "height" : 640,
          "url" : "https://i.scdn.co/image/ab67616d0000b273ba5db46f4b838ef6027e6f96",
          "width" : 640
        }, {
          "height" : 300,
          "url" : "https://i.scdn.co/image/ab67616d00001e02ba5db46f4b838ef6027e6f96",
          "width" : 300
        }, {
          "height" : 64,
          "url" : "https://i.scdn.co/image/ab67616d00004851ba5db46f4b838ef6027e6f96",
          "width" : 64
        } ],
        "name" : "÷ (Deluxe)",
        "release_date" : "2017-03-03",
        "release_date_precision" : "day",
        "total_tracks" : 16,
        "type" : "album",
        "uri" : "spotify:album:3T4tUhGYeRNVUGevb0wThu"
      },
      "artists" : [ {
        "external_urls" : {
          "spotify" : "https://open.spotify.com/artist/6eUKZXaKkcviH0Ku9w2n3V"
        },
        "href" : "https://api.spotify.com/v1/artists/6eUKZXaKkcviH0Ku9w2n3V",
        "id" : "6eUKZXaKkcviH0Ku9w2n3V",
        "name" : "Ed Sheeran",
        "type" : "artist",
        "uri" : "spotify:artist:6eUKZXaKkcviH0Ku9w2n3V"
      } ],
      "available_markets" : [ "AD", "AE", "AG", "AL", "AM", "AO", "AR", "AT", "AU", "AZ", "BA", "BB", "BD", "BE", "BF", "BG", "BH", "BI", "BJ", "BN", "BO", "BR", "BS", "BT", "BW", "BY", "BZ", "CA", "CD", "CG", "CH", "CI", "CL", "CM", "CO", "CR", "CV", "CW", "CY", "CZ", "DE", "DJ", "DK", "DM", "DO", "DZ", "EC", "EE", "EG", "ES", "FI", "FJ", "FM", "FR", "GA", "GB", "GD", "GE", "GH", "GM", "GN", "GQ", "GR", "GT", "GW", "GY", "HK", "HN", "HR", "HT", "HU", "ID", "IE", "IL", "IN", "IQ", "IS", "IT", "JM", "JO", "JP", "KE", "KG", "KH", "KI", "KM", "KN", "KR", "KW", "KZ", "LA", "LB", "LC", "LI", "LK", "LR", "LS", "LT", "LU", "LV", "LY", "MA", "MC", "MD", "ME", "MG", "MH", "MK", "ML", "MN", "MO", "MR", "MT", "MU", "MV", "MW", "MX", "MY", "MZ", "NA", "NE", "NG", "NI", "NL", "NO", "NP", "NR", "NZ", "OM", "PA", "PE", "PG", "PH", "PK", "PL", "PS", "PT", "PW", "PY", "QA", "RO", "RS", "RW", "SA", "SB", "SC", "SE", "SG", "SI", "SK", "SL", "SM", "SN", "SR", "ST", "SV", "SZ", "TD", "TG", "TH", "TJ", "TL", "TN", "TO", "TR", "TT", "TV", "TW", "TZ", "UA", "UG", "US", "UY", "UZ", "VC", "VE", "VN", "VU", "WS", "XK", "ZA", "ZM", "ZW" ],
      "disc_number" : 1,
      "duration_ms" : 233712,
      "explicit" : false,
      "external_ids" : {
        "isrc" : "GBAHS1600463"
      },
      "external_urls" : {
        "spotify" : "https://open.spotify.com/track/7qiZfU4dY1lWllzX7mPBI3"
      },
      "href" : "https://api.spotify.com/v1/tracks/7qiZfU4dY1lWllzX7mPBI3",
      "id" : "7qiZfU4dY1lWllzX7mPBI3",
      "is_local" : false,
      "name" : "Shape of You",
      "popularity" : 86,
      "preview_url" : "https://p.scdn.co/mp3-preview/09e92af512355474ccf074988ea208ce6eb90a2b?cid=774b29d4f13844c495f206cafdad9c86",
      "track_number" : 4,
      "type" : "track",
      "uri" : "spotify:track:7qiZfU4dY1lWllzX7mPBI3"
    }, {
      "album" : {
        "album_type" : "single",
        "artists" : [ {
          "external_urls" : {
            "spotify" : "https://open.spotify.com/artist/7KigP1NA8s7IiVIxP5ndwJ"
          },
          "href" : "https://api.spotify.com/v1/artists/7KigP1NA8s7IiVIxP5ndwJ",
          "id" : "7KigP1NA8s7IiVIxP5ndwJ",
          "name" : "Revelries",
          "type" : "artist",
          "uri" : "spotify:artist:7KigP1NA8s7IiVIxP5ndwJ"
        }, {
          "external_urls" : {
            "spotify" : "https://open.spotify.com/artist/2o1DwIg0eMGpA5m6zLLG2I"
          },
          "href" : "https://api.spotify.com/v1/artists/2o1DwIg0eMGpA5m6zLLG2I",
          "id" : "2o1DwIg0eMGpA5m6zLLG2I",
          "name" : "Victoria Voss",
          "type" : "artist",
          "uri" : "spotify:artist:2o1DwIg0eMGpA5m6zLLG2I"
        } ],
        "available_markets" : [ "AD", "AE", "AG", "AL", "AM", "AO", "AR", "AT", "AU", "AZ", "BA", "BB", "BD", "BE", "BF", "BG", "BH", "BI", "BJ", "BN", "BO", "BR", "BS", "BT", "BW", "BY", "BZ", "CA", "CD", "CG", "CH", "CI", "CL", "CM", "CO", "CR", "CV", "CW", "CY", "CZ", "DE", "DJ", "DK", "DM", "DO", "DZ", "EC", "EE", "EG", "ES", "FI", "FJ", "FM", "FR", "GA", "GB", "GD", "GE", "GH", "GM", "GN", "GQ", "GR", "GT", "GW", "GY", "HK", "HN", "HR", "HT", "HU", "ID", "IE", "IL", "IN", "IQ", "IS", "IT", "JM", "JO", "JP", "KE", "KG", "KH", "KI", "KM", "KN", "KR", "KW", "KZ", "LA", "LB", "LC", "LI", "LK", "LR", "LS", "LT", "LU", "LV", "LY", "MA", "MC", "MD", "ME", "MG", "MH", "MK", "ML", "MN", "MO", "MR", "MT", "MU", "MV", "MW", "MX", "MY", "MZ", "NA", "NE", "NG", "NI", "NL", "NO", "NP", "NR", "NZ", "OM", "PA", "PE", "PG", "PH", "PK", "PL", "PS", "PT", "PW", "PY", "QA", "RO", "RS", "RW", "SA", "SB", "SC", "SE", "SG", "SI", "SK", "SL", "SM", "SN", "SR", "ST", "SV", "SZ", "TD", "TG", "TH", "TJ", "TL", "TN", "TO", "TR", "TT", "TV", "TW", "TZ", "UA", "UG", "US", "UY", "UZ", "VC", "VE", "VN", "VU", "WS", "XK", "ZA", "ZM", "ZW" ],
        "external_urls" : {
          "spotify" : "https://open.spotify.com/album/1RinMQThKCHcrk6hMf6QiN"
        },
        "href" : "https://api.spotify.com/v1/albums/1RinMQThKCHcrk6hMf6QiN",
        "id" : "1RinMQThKCHcrk6hMf6QiN",
        "images" : [ {
          "height" : 640,
          "url" : "https://i.scdn.co/image/ab67616d0000b273c9616e0194505800d88627a9",
          "width" : 640
        }, {
          "height" : 300,
          "url" : "https://i.scdn.co/image/ab67616d00001e02c9616e0194505800d88627a9",
          "width" : 300
        }, {
          "height" : 64,
          "url" : "https://i.scdn.co/image/ab67616d00004851c9616e0194505800d88627a9",
          "width" : 64
        } ],
        "name" : "Blinding Lights",
        "release_date" : "2020-07-03",
        "release_date_precision" : "day",
        "total_tracks" : 1,
        "type" : "album",
        "uri" : "spotify:album:1RinMQThKCHcrk6hMf6QiN"
      },
      "artists" : [ {
        "external_urls" : {
          "spotify" : "https://open.spotify.com/artist/7KigP1NA8s7IiVIxP5ndwJ"
        },
        "href" : "https://api.spotify.com/v1/artists/7KigP1NA8s7IiVIxP5ndwJ",
        "id" : "7KigP1NA8s7IiVIxP5ndwJ",
        "name" : "Revelries",
        "type" : "artist",
        "uri" : "spotify:artist:7KigP1NA8s7IiVIxP5ndwJ"
      }, {
        "external_urls" : {
          "spotify" : "https://open.spotify.com/artist/2o1DwIg0eMGpA5m6zLLG2I"
        },
        "href" : "https://api.spotify.com/v1/artists/2o1DwIg0eMGpA5m6zLLG2I",
        "id" : "2o1DwIg0eMGpA5m6zLLG2I",
        "name" : "Victoria Voss",
        "type" : "artist",
        "uri" : "spotify:artist:2o1DwIg0eMGpA5m6zLLG2I"
      } ],
      "available_markets" : [ "AD", "AE", "AG", "AL", "AM", "AO", "AR", "AT", "AU", "AZ", "BA", "BB", "BD", "BE", "BF", "BG", "BH", "BI", "BJ", "BN", "BO", "BR", "BS", "BT", "BW", "BY", "BZ", "CA", "CD", "CG", "CH", "CI", "CL", "CM", "CO", "CR", "CV", "CW", "CY", "CZ", "DE", "DJ", "DK", "DM", "DO", "DZ", "EC", "EE", "EG", "ES", "FI", "FJ", "FM", "FR", "GA", "GB", "GD", "GE", "GH", "GM", "GN", "GQ", "GR", "GT", "GW", "GY", "HK", "HN", "HR", "HT", "HU", "ID", "IE", "IL", "IN", "IQ", "IS", "IT", "JM", "JO", "JP", "KE", "KG", "KH", "KI", "KM", "KN", "KR", "KW", "KZ", "LA", "LB", "LC", "LI", "LK", "LR", "LS", "LT", "LU", "LV", "LY", "MA", "MC", "MD", "ME", "MG", "MH", "MK", "ML", "MN", "MO", "MR", "MT", "MU", "MV", "MW", "MX", "MY", "MZ", "NA", "NE", "NG", "NI", "NL", "NO", "NP", "NR", "NZ", "OM", "PA", "PE", "PG", "PH", "PK", "PL", "PS", "PT", "PW", "PY", "QA", "RO", "RS", "RW", "SA", "SB", "SC", "SE", "SG", "SI", "SK", "SL", "SM", "SN", "SR", "ST", "SV", "SZ", "TD", "TG", "TH", "TJ", "TL", "TN", "TO", "TR", "TT", "TV", "TW", "TZ", "UA", "UG", "US", "UY", "UZ", "VC", "VE", "VN", "VU", "WS", "XK", "ZA", "ZM", "ZW" ],
      "disc_number" : 1,
      "duration_ms" : 176406,
      "explicit" : false,
      "external_ids" : {
        "isrc" : "SE6HN2076241"
      },
      "external_urls" : {
        "spotify" : "https://open.spotify.com/track/0wI0S42Cg41DVGqIIVimTM"
      },
      "href" : "https://api.spotify.com/v1/tracks/0wI0S42Cg41DVGqIIVimTM",
      "id" : "0wI0S42Cg41DVGqIIVimTM",
      "is_local" : false,
      "name" : "Blinding Lights",
      "popularity" : 64,
      "preview_url" : "https://p.scdn.co/mp3-preview/1b13c5e68f4b4cf0e427e612cfb257208eda0c74?cid=774b29d4f13844c495f206cafdad9c86",
      "track_number" : 1,
      "type" : "track",
      "uri" : "spotify:track:0wI0S42Cg41DVGqIIVimTM"
    }, {
      "album" : {
        "album_type" : "album",
        "artists" : [ {
          "external_urls" : {
            "spotify" : "https://open.spotify.com/artist/0LyfQWJT6nXafLPZqxe9Of"
          },
          "href" : "https://api.spotify.com/v1/artists/0LyfQWJT6nXafLPZqxe9Of",
          "id" : "0LyfQWJT6nXafLPZqxe9Of",
          "name" : "Various Artists",
          "type" : "artist",
          "uri" : "spotify:artist:0LyfQWJT6nXafLPZqxe9Of"
        } ],
        "available_markets" : [ "AE", "AL", "AR", "AT", "AU", "BA", "BE", "BG", "BH", "BO", "BR", "CA", "CH", "CI", "CL", "CM", "CO", "CR", "CW", "CY", "CZ", "DE", "DK", "DO", "DZ", "EC", "EE", "EG", "ES", "FI", "FR", "GB", "GH", "GR", "GT", "HK", "HN", "HR", "HU", "ID", "IE", "IL", "IN", "IS", "IT", "JP", "KE", "KH", "KR", "KW", "LB", "LK", "LT", "LU", "LV", "MA", "ME", "MK", "MT", "MX", "MY", "NG", "NI", "NL", "NO", "NZ", "OM", "PA", "PE", "PH", "PL", "PT", "PY", "QA", "RO", "RS", "SA", "SE", "SG", "SI", "SK", "SN", "SV", "TH", "TN", "TR", "TT", "TW", "UA", "US", "UY", "VE", "VN", "XK", "ZA" ],
        "external_urls" : {
          "spotify" : "https://open.spotify.com/album/2PZxKSfZtWE8zAZQlKBW9p"
        },
        "href" : "https://api.spotify.com/v1/albums/2PZxKSfZtWE8zAZQlKBW9p",
        "id" : "2PZxKSfZtWE8zAZQlKBW9p",
        "images" : [ {
          "height" : 640,
          "url" : "https://i.scdn.co/image/ab67616d0000b2736a21292b7eb96ac0e83a2e42",
          "width" : 640
        }, {
          "height" : 300,
          "url" : "https://i.scdn.co/image/ab67616d00001e026a21292b7eb96ac0e83a2e42",
          "width" : 300
        }, {
          "height" : 64,
          "url" : "https://i.scdn.co/image/ab67616d000048516a21292b7eb96ac0e83a2e42",
          "width" : 64
        } ],
        "name" : "Tardes en el parque",
        "release_date" : "2022-06-10",
        "release_date_precision" : "day",
        "total_tracks" : 33,
        "type" : "album",
        "uri" : "spotify:album:2PZxKSfZtWE8zAZQlKBW9p"
      },
      "artists" : [ {
        "external_urls" : {
          "spotify" : "https://open.spotify.com/artist/1Vvvx45Apu6dQqwuZQxtgW"
        },
        "href" : "https://api.spotify.com/v1/artists/1Vvvx45Apu6dQqwuZQxtgW",
        "id" : "1Vvvx45Apu6dQqwuZQxtgW",
        "name" : "Kidz Bop Kids",
        "type" : "artist",
        "uri" : "spotify:artist:1Vvvx45Apu6dQqwuZQxtgW"
      } ],
      "available_markets" : [ "AE", "AL", "AR", "AT", "AU", "BA", "BE", "BG", "BH", "BO", "BR", "CA", "CH", "CI", "CL", "CM", "CO", "CR", "CW", "CY", "CZ", "DE", "DK", "DO", "DZ", "EC", "EE", "EG", "ES", "FI", "FR", "GB", "GH", "GR", "GT", "HK", "HN", "HR", "HU", "ID", "IE", "IL", "IN", "IS", "IT", "JP", "KE", "KH", "KR", "KW", "LB", "LK", "LT", "LU", "LV", "MA", "ME", "MK", "MT", "MX", "MY", "NG", "NI", "NL", "NO", "NZ", "OM", "PA", "PE", "PH", "PL", "PT", "PY", "QA", "RO", "RS", "SA", "SE", "SG", "SI", "SK", "SN", "SV", "TH", "TN", "TR", "TT", "TW", "UA", "US", "UY", "VE", "VN", "XK", "ZA" ],
      "disc_number" : 1,
      "duration_ms" : 180666,
      "explicit" : false,
      "external_ids" : {
        "isrc" : "USAB02001322"
      },
      "external_urls" : {
        "spotify" : "https://open.spotify.com/track/6AG9ZL9w3VirFnP9Nd8V3a"
      },
      "href" : "https://api.spotify.com/v1/tracks/6AG9ZL9w3VirFnP9Nd8V3a",
      "id" : "6AG9ZL9w3VirFnP9Nd8V3a",
      "is_local" : false,
      "name" : "Blinding Lights",
      "popularity" : 0,
      "preview_url" : null,
      "track_number" : 5,
      "type" : "track",
      "uri" : "spotify:track:6AG9ZL9w3VirFnP9Nd8V3a"
    }, {
      "album" : {
        "album_type" : "album",
        "artists" : [ {
          "external_urls" : {
            "spotify" : "https://open.spotify.com/artist/0LyfQWJT6nXafLPZqxe9Of"
          },
          "href" : "https://api.spotify.com/v1/artists/0LyfQWJT6nXafLPZqxe9Of",
          "id" : "0LyfQWJT6nXafLPZqxe9Of",
          "name" : "Various Artists",
          "type" : "artist",
          "uri" : "spotify:artist:0LyfQWJT6nXafLPZqxe9Of"
        } ],
        "available_markets" : [ "BG", "GR", "IL", "MK", "RO", "TR" ],
        "external_urls" : {
          "spotify" : "https://open.spotify.com/album/2kzNmqydpB0Qsh5Nyf59cw"
        },
        "href" : "https://api.spotify.com/v1/albums/2kzNmqydpB0Qsh5Nyf59cw",
        "id" : "2kzNmqydpB0Qsh5Nyf59cw",
        "images" : [ {
          "height" : 640,
          "url" : "https://i.scdn.co/image/ab67616d0000b27355e86b8e6a6e93b4a6e1c8e5",
          "width" : 640
        }, {
          "height" : 300,
          "url" : "https://i.scdn.co/image/ab67616d00001e0255e86b8e6a6e93b4a6e1c8e5",
          "width" : 300
        }, {
          "height" : 64,
          "url" : "https://i.scdn.co/image/ab67616d0000485155e86b8e6a6e93b4a6e1c8e5",
          "width" : 64
        } ],
        "name" : "София ПРАЙД 2022",
        "release_date" : "2022-06-17",
        "release_date_precision" : "day",
        "total_tracks" : 46,
        "type" : "album",
        "uri" : "spotify:album:2kzNmqydpB0Qsh5Nyf59cw"
      },
      "artists" : [ {
        "external_urls" : {
          "spotify" : "https://open.spotify.com/artist/1Xyo4u8uXC1ZmMpatF05PJ"
        },
        "href" : "https://api.spotify.com/v1/artists/1Xyo4u8uXC1ZmMpatF05PJ",
        "id" : "1Xyo4u8uXC1ZmMpatF05PJ",
        "name" : "The Weeknd",
        "type" : "artist",
        "uri" : "spotify:artist:1Xyo4u8uXC1ZmMpatF05PJ"
      } ],
      "available_markets" : [ "BG", "GR", "IL", "MK", "RO", "TR" ],
      "disc_number" : 1,
      "duration_ms" : 201573,
      "explicit" : false,
      "external_ids" : {
        "isrc" : "USUG11904206"
      },
      "external_urls" : {
        "spotify" : "https://open.spotify.com/track/4gA0qVZGNFDiuOQoAlI1rc"
      },
      "href" : "https://api.spotify.com/v1/tracks/4gA0qVZGNFDiuOQoAlI1rc",
      "id" : "4gA0qVZGNFDiuOQoAlI1rc",
      "is_local" : false,
      "name" : "Blinding Lights",
      "popularity" : 0,
      "preview_url" : null,
      "track_number" : 6,
      "type" : "track",
      "uri" : "spotify:track:4gA0qVZGNFDiuOQoAlI1rc"
    }, {
      "album" : {
        "album_type" : "single",
        "artists" : [ {
          "external_urls" : {
            "spotify" : "https://open.spotify.com/artist/69GGBxA162lTqCwzJG5jLp"
          },
          "href" : "https://api.spotify.com/v1/artists/69GGBxA162lTqCwzJG5jLp",
          "id" : "69GGBxA162lTqCwzJG5jLp",
          "name" : "The Chainsmokers",
          "type" : "artist",
          "uri" : "spotify:artist:69GGBxA162lTqCwzJG5jLp"
        }, {
          "external_urls" : {
            "spotify" : "https://open.spotify.com/artist/26VFTg2z8YR0cCuwLzESi2"
          },
          "href" : "https://api.spotify.com/v1/artists/26VFTg2z8YR0cCuwLzESi2",
          "id" : "26VFTg2z8YR0cCuwLzESi2",
          "name" : "Halsey",
          "type" : "artist",
          "uri" : "spotify:artist:26VFTg2z8YR0cCuwLzESi2"
        } ],
        "available_markets" : [ "AD", "AE", "AG", "AL", "AM", "AO", "AR", "AT", "AU", "AZ", "BA", "BB", "BD", "BE", "BF", "BG", "BH", "BI", "BJ", "BN", "BO", "BR", "BS", "BT", "BW", "BY", "BZ", "CA", "CD", "CG", "CH", "CI", "CL", "CM", "CO", "CR", "CV", "CW", "CY", "CZ", "DE", "DJ", "DK", "DM", "DO", "DZ", "EC", "EE", "EG", "ES", "FI", "FJ", "FM", "FR", "GA", "GB", "GD", "GE", "GH", "GM", "GN", "GQ", "GR", "GT", "GW", "GY", "HK", "HN", "HR", "HT", "HU", "ID", "IE", "IL", "IN", "IQ", "IS", "IT", "JM", "JO", "JP", "KE", "KG", "KH", "KI", "KM", "KN", "KR", "KW", "KZ", "LA", "LB", "LC", "LI", "LK", "LR", "LS", "LT", "LU", "LV", "LY", "MA", "MC", "MD", "ME", "MG", "MH", "MK", "ML", "MN", "MO", "MR", "MT", "MU", "MV", "MW", "MX", "MY", "MZ", "NA", "NE", "NG", "NI", "NL", "NO", "NP", "NR", "NZ", "OM", "PA", "PE", "PG", "PH", "PK", "PL", "PS", "PT", "PW", "PY", "QA", "RO", "RS", "RW", "SA", "SB", "SC", "SE", "SG", "SI", "SK", "SL", "SM", "SN", "SR", "ST", "SV", "SZ", "TD", "TG", "TH", "TJ", "TL", "TN", "TO", "TR", "TT", "TV", "TW", "TZ", "UA", "UG", "US", "UY", "UZ", "VC", "VE", "VN", "VU", "WS", "XK", "ZA", "ZM", "ZW" ],
        "external_urls" : {
          "spotify" : "https://open.spotify.com/album/0rSLgV8p5FzfnqlEk4GzxE"
        },
        "href" : "https://api.spotify.com/v1/albums/0rSLgV8p5FzfnqlEk4GzxE",
        "id" : "0rSLgV8p5FzfnqlEk4GzxE",
        "images" : [ {
          "height" : 640,
          "url" : "https://i.scdn.co/image/ab67616d0000b273495ce6da9aeb159e94eaa453",
          "width" : 640
        }, {
          "height" : 300,
          "url" : "https://i.scdn.co/image/ab67616d00001e02495ce6da9aeb159e94eaa453",
          "width" : 300
        }, {
          "height" : 64,
          "url" : "https://i.scdn.co/image/ab67616d00004851495ce6da9aeb159e94eaa453",
          "width" : 64
        } ],
        "name" : "Closer",
        "release_date" : "2016-07-29",
        "release_date_precision" : "day",
        "total_tracks" : 1,
        "type" : "album",
        "uri" : "spotify:album:0rSLgV8p5FzfnqlEk4GzxE"
      },
      "artists" : [ {
        "external_urls" : {
          "spotify" : "https://open.spotify.com/artist/69GGBxA162lTqCwzJG5jLp"
        },
        "href" : "https://api.spotify.com/v1/artists/69GGBxA162lTqCwzJG5jLp",
        "id" : "69GGBxA162lTqCwzJG5jLp",
        "name" : "The Chainsmokers",
        "type" : "artist",
        "uri" : "spotify:artist:69GGBxA162lTqCwzJG5jLp"
      }, {
        "external_urls" : {
          "spotify" : "https://open.spotify.com/artist/26VFTg2z8YR0cCuwLzESi2"
        },
        "href" : "https://api.spotify.com/v1/artists/26VFTg2z8YR0cCuwLzESi2",
        "id" : "26VFTg2z8YR0cCuwLzESi2",
        "name" : "Halsey",
        "type" : "artist",
        "uri" : "spotify:artist:26VFTg2z8YR0cCuwLzESi2"
      } ],
      "available_markets" : [ "AD", "AE", "AG", "AL", "AM", "AO", "AR", "AT", "AU", "AZ", "BA", "BB", "BD", "BE", "BF", "BG", "BH", "BI", "BJ", "BN", "BO", "BR", "BS", "BT", "BW", "BY", "BZ", "CA", "CD", "CG", "CH", "CI", "CL", "CM", "CO", "CR", "CV", "CW", "CY", "CZ", "DE", "DJ", "DK", "DM", "DO", "DZ", "EC", "EE", "EG", "ES", "FI", "FJ", "FM", "FR", "GA", "GB", "GD", "GE", "GH", "GM", "GN", "GQ", "GR", "GT", "GW", "GY", "HK", "HN", "HR", "HT", "HU", "ID", "IE", "IL", "IN", "IQ", "IS", "IT", "JM", "JO", "JP", "KE", "KG", "KH", "KI", "KM", "KN", "KR", "KW", "KZ", "LA", "LB", "LC", "LI", "LK", "LR", "LS", "LT", "LU", "LV", "LY", "MA", "MC", "MD", "ME", "MG", "MH", "MK", "ML", "MN", "MO", "MR", "MT", "MU", "MV", "MW", "MX", "MY", "MZ", "NA", "NE", "NG", "NI", "NL", "NO", "NP", "NR", "NZ", "OM", "PA", "PE", "PG", "PH", "PK", "PL", "PS", "PT", "PW", "PY", "QA", "RO", "RS", "RW", "SA", "SB", "SC", "SE", "SG", "SI", "SK", "SL", "SM", "SN", "SR", "ST", "SV", "SZ", "TD", "TG", "TH", "TJ", "TL", "TN", "TO", "TR", "TT", "TV", "TW", "TZ", "UA", "UG", "US", "UY", "UZ", "VC", "VE", "VN", "VU", "WS", "XK", "ZA", "ZM", "ZW" ],
      "disc_number" : 1,
      "duration_ms" : 244960,
      "explicit" : false,
      "external_ids" : {
        "isrc" : "USQX91601347"
      },
      "external_urls" : {
        "spotify" : "https://open.spotify.com/track/7BKLCZ1jbUBVqRi2FVlTVw"
      },
      "href" : "https://api.spotify.com/v1/tracks/7BKLCZ1jbUBVqRi2FVlTVw",
      "id" : "7BKLCZ1jbUBVqRi2FVlTVw",
      "is_local" : false,
      "name" : "Closer",
      "popularity" : 84,
      "preview_url" : "https://p.scdn.co/mp3-preview/aacaac1614505dbb3eb2045a31f2c0cb70e7aa59?cid=774b29d4f13844c495f206cafdad9c86",
      "track_number" : 1,
      "type" : "track",
      "uri" : "spotify:track:7BKLCZ1jbUBVqRi2FVlTVw"
    }, {
      "album" : {
        "album_type" : "single",
        "artists" : [ {
          "external_urls" : {
            "spotify" : "https://open.spotify.com/artist/110rF4W6xAaPg64b7VM6RZ"
          },
          "href" : "https://api.spotify.com/v1/artists/110rF4W6xAaPg64b7VM6RZ",
          "id" : "110rF4W6xAaPg64b7VM6RZ",
          "name" : "RAVANO",
          "type" : "artist",
          "uri" : "spotify:artist:110rF4W6xAaPg64b7VM6RZ"
        } ],
        "available_markets" : [ "AD", "AE", "AG", "AL", "AM", "AO", "AR", "AT", "AU", "AZ", "BA", "BB", "BD", "BE", "BF", "BG", "BH", "BI", "BJ", "BN", "BO", "BR", "BS", "BT", "BW", "BY", "BZ", "CA", "CD", "CG", "CH", "CI", "CL", "CM", "CO", "CR", "CV", "CW", "CY", "CZ", "DE", "DJ", "DK", "DM", "DO", "DZ", "EC", "EE", "EG", "ES", "FI", "FJ", "FM", "FR", "GA", "GB", "GD", "GE", "GH", "GM", "GN", "GQ", "GR", "GT", "GW", "GY", "HK", "HN", "HR", "HT", "HU", "ID", "IE", "IL", "IN", "IQ", "IS", "IT", "JM", "JO", "JP", "KE", "KG", "KH", "KI", "KM", "KN", "KR", "KW", "KZ", "LA", "LB", "LC", "LI", "LK", "LR", "LS", "LT", "LU", "LV", "LY", "MA", "MC", "MD", "ME", "MG", "MH", "MK", "ML", "MN", "MO", "MR", "MT", "MU", "MV", "MW", "MX", "MY", "MZ", "NA", "NE", "NG", "NI", "NL", "NO", "NP", "NR", "NZ", "OM", "PA", "PE", "PG", "PH", "PK", "PL", "PS", "PT", "PW", "PY", "QA", "RO", "RS", "RW", "SA", "SB", "SC", "SE", "SG", "SI", "SK", "SL", "SM", "SN", "SR", "ST", "SV", "SZ", "TD", "TG", "TH", "TJ", "TL", "TN", "TO", "TR", "TT", "TV", "TW", "TZ", "UA", "UG", "US", "UY", "UZ", "VC", "VE", "VN", "VU", "WS", "XK", "ZA", "ZM", "ZW" ],
        "external_urls" : {
          "spotify" : "https://open.spotify.com/album/4N5f9g2MRerbImICNCmUnq"
        },
        "href" : "https://api.spotify.com/v1/albums/4N5f9g2MRerbImICNCmUnq",
        "id" : "4N5f9g2MRerbImICNCmUnq",
        "images" : [ {
          "height" : 640,
          "url" : "https://i.scdn.co/image/ab67616d0000b273eeb5db388a69cb19f8674ba8",
          "width" : 640
        }, {
          "height" : 300,
          "url" : "https://i.scdn.co/image/ab67616d00001e02eeb5db388a69cb19f8674ba8",
          "width" : 300
        }, {
          "height" : 64,
          "url" : "https://i.scdn.co/image/ab67616d00004851eeb5db388a69cb19f8674ba8",
          "width" : 64
        } ],
        "name" : "Blinding Lights",
        "release_date" : "2021-10-29",
        "release_date_precision" : "day",
        "total_tracks" : 1,
        "type" : "album",
        "uri" : "spotify:album:4N5f9g2MRerbImICNCmUnq"
      },
      "artists" : [ {
        "external_urls" : {
          "spotify" : "https://open.spotify.com/artist/110rF4W6xAaPg64b7VM6RZ"
        },
        "href" : "https://api.spotify.com/v1/artists/110rF4W6xAaPg64b7VM6RZ",
        "id" : "110rF4W6xAaPg64b7VM6RZ",
        "name" : "RAVANO",
        "type" : "artist",
        "uri" : "spotify:artist:110rF4W6xAaPg64b7VM6RZ"
      } ],
      "available_markets" : [ "AD", "AE", "AG", "AL", "AM", "AO", "AR", "AT", "AU", "AZ", "BA", "BB", "BD", "BE", "BF", "BG", "BH", "BI", "BJ", "BN", "BO", "BR", "BS", "BT", "BW", "BY", "BZ", "CA", "CD", "CG", "CH", "CI", "CL", "CM", "CO", "CR", "CV", "CW", "CY", "CZ", "DE", "DJ", "DK", "DM", "DO", "DZ", "EC", "EE", "EG", "ES", "FI", "FJ", "FM", "FR", "GA", "GB", "GD", "GE", "GH", "GM", "GN", "GQ", "GR", "GT", "GW", "GY", "HK", "HN", "HR", "HT", "HU", "ID", "IE", "IL", "IN", "IQ", "IS", "IT", "JM", "JO", "JP", "KE", "KG", "KH", "KI", "KM", "KN", "KR", "KW", "KZ", "LA", "LB", "LC", "LI", "LK", "LR", "LS", "LT", "LU", "LV", "LY", "MA", "MC", "MD", "ME", "MG", "MH", "MK", "ML", "MN", "MO", "MR", "MT", "MU", "MV", "MW", "MX", "MY", "MZ", "NA", "NE", "NG", "NI", "NL", "NO", "NP", "NR", "NZ", "OM", "PA", "PE", "PG", "PH", "PK", "PL", "PS", "PT", "PW", "PY", "QA", "RO", "RS", "RW", "SA", "SB", "SC", "SE", "SG", "SI", "SK", "SL", "SM", "SN", "SR", "ST", "SV", "SZ", "TD", "TG", "TH", "TJ", "TL", "TN", "TO", "TR", "TT", "TV", "TW", "TZ", "UA", "UG", "US", "UY", "UZ", "VC", "VE", "VN", "VU", "WS", "XK", "ZA", "ZM", "ZW" ],
      "disc_number" : 1,
      "duration_ms" : 136363,
      "explicit" : false,
      "external_ids" : {
        "isrc" : "GBLV62107148"
      },
      "external_urls" : {
        "spotify" : "https://open.spotify.com/track/4RxbD7XKE1xxeQ7y8l8w1a"
      },
      "href" : "https://api.spotify.com/v1/tracks/4RxbD7XKE1xxeQ7y8l8w1a",
      "id" : "4RxbD7XKE1xxeQ7y8l8w1a",
      "is_local" : false,
      "name" : "Blinding Lights",
      "popularity" : 31,
      "preview_url" : "https://p.scdn.co/mp3-preview/824eed13b00affa54e10070e3c9688f525d02ebe?cid=774b29d4f13844c495f206cafdad9c86",
      "track_number" : 1,
      "type" : "track",
      "uri" : "spotify:track:4RxbD7XKE1xxeQ7y8l8w1a"
    }, {
      "album" : {
        "album_type" : "single",
        "artists" : [ {
          "external_urls" : {
            "spotify" : "https://open.spotify.com/artist/1Xyo4u8uXC1ZmMpatF05PJ"
          },
          "href" : "https://api.spotify.com/v1/artists/1Xyo4u8uXC1ZmMpatF05PJ",
          "id" : "1Xyo4u8uXC1ZmMpatF05PJ",
          "name" : "The Weeknd",
          "type" : "artist",
          "uri" : "spotify:artist:1Xyo4u8uXC1ZmMpatF05PJ"
        } ],
        "available_markets" : [ "AD", "AE", "AG", "AL", "AM", "AO", "AR", "AT", "AU", "AZ", "BA", "BB", "BD", "BE", "BF", "BG", "BH", "BI", "BJ", "BN", "BO", "BR", "BS", "BT", "BW", "BY", "BZ", "CA", "CD", "CG", "CH", "CI", "CL", "CM", "CO", "CR", "CV", "CW", "CY", "CZ", "DE", "DJ", "DK", "DM", "DO", "DZ", "EC", "EE", "EG", "ES", "FI", "FJ", "FM", "FR", "GA", "GB", "GD", "GE", "GH", "GM", "GN", "GQ", "GR", "GT", "GW", "GY", "HK", "HN", "HR", "HT", "HU", "ID", "IE", "IL", "IN", "IQ", "IS", "IT", "JM", "JO", "JP", "KE", "KG", "KH", "KI", "KM", "KN", "KR", "KW", "KZ", "LA", "LB", "LC", "LI", "LK", "LR", "LS", "LT", "LU", "LV", "LY", "MA", "MC", "MD", "ME", "MG", "MH", "MK", "ML", "MN", "MO", "MR", "MT", "MU", "MV", "MW", "MX", "MY", "MZ", "NA", "NE", "NG", "NI", "NL", "NO", "NP", "NR", "NZ", "OM", "PA", "PE", "PG", "PH", "PK", "PL", "PS", "PT", "PW", "PY", "QA", "RO", "RS", "RW", "SA", "SB", "SC", "SE", "SG", "SI", "SK", "SL", "SM", "SN", "SR", "ST", "SV", "SZ", "TD", "TG", "TH", "TJ", "TL", "TN", "TO", "TR", "TT", "TV", "TW", "TZ", "UA", "UG", "US", "UY", "UZ", "VC", "VE", "VN", "VU", "WS", "XK", "ZA", "ZM", "ZW" ],
        "external_urls" : {
          "spotify" : "https://open.spotify.com/album/3sL9Myf7JF1k9TbrXE46ou"
        },
        "href" : "https://api.spotify.com/v1/albums/3sL9Myf7JF1k9TbrXE46ou",
        "id" : "3sL9Myf7JF1k9TbrXE46ou",
        "images" : [ {
          "height" : 640,
          "url" : "https://i.scdn.co/image/ab67616d0000b273a3eff72f62782fb589a492f9",
          "width" : 640
        }, {
          "height" : 300,
          "url" : "https://i.scdn.co/image/ab67616d00001e02a3eff72f62782fb589a492f9",
          "width" : 300
        }, {
          "height" : 64,
          "url" : "https://i.scdn.co/image/ab67616d00004851a3eff72f62782fb589a492f9",
          "width" : 64
        } ],
        "name" : "Blinding Lights",
        "release_date" : "2020-09-11",
        "release_date_precision" : "day",
        "total_tracks" : 4,
        "type" : "album",
        "uri" : "spotify:album:3sL9Myf7JF1k9TbrXE46ou"
      },
      "artists" : [ {
        "external_urls" : {
          "spotify" : "https://open.spotify.com/artist/1Xyo4u8uXC1ZmMpatF05PJ"
        },
        "href" : "https://api.spotify.com/v1/artists/1Xyo4u8uXC1ZmMpatF05PJ",
        "id" : "1Xyo4u8uXC1ZmMpatF05PJ",
        "name" : "The Weeknd",
        "type" : "artist",
        "uri" : "spotify:artist:1Xyo4u8uXC1ZmMpatF05PJ"
      } ],
      "available_markets" : [ "AD", "AE", "AG", "AL", "AM", "AO", "AR", "AT", "AU", "AZ", "BA", "BB", "BD", "BE", "BF", "BG", "BH", "BI", "BJ", "BN", "BO", "BR", "BS", "BT", "BW", "BY", "BZ", "CA", "CD", "CG", "CH", "CI", "CL", "CM", "CO", "CR", "CV", "CW", "CY", "CZ", "DE", "DJ", "DK", "DM", "DO", "DZ", "EC", "EE", "EG", "ES", "FI", "FJ", "FM", "FR", "GA", "GB", "GD", "GE", "GH", "GM", "GN", "GQ", "GR", "GT", "GW", "GY", "HK", "HN", "HR", "HT", "HU", "ID", "IE", "IL", "IN", "IQ", "IS", "IT", "JM", "JO", "JP", "KE", "KG", "KH", "KI", "KM", "KN", "KR", "KW", "KZ", "LA", "LB", "LC", "LI", "LK", "LR", "LS", "LT", "LU", "LV", "LY", "MA", "MC", "MD", "ME", "MG", "MH", "MK", "ML", "MN", "MO", "MR", "MT", "MU", "MV", "MW", "MX", "MY", "MZ", "NA", "NE", "NG", "NI", "NL", "NO", "NP", "NR", "NZ", "OM", "PA", "PE", "PG", "PH", "PK", "PL", "PS", "PT", "PW", "PY", "QA", "RO", "RS", "RW", "SA", "SB", "SC", "SE", "SG", "SI", "SK", "SL", "SM", "SN", "SR", "ST", "SV", "SZ", "TD", "TG", "TH", "TJ", "TL", "TN", "TO", "TR", "TT", "TV", "TW", "TZ", "UA", "UG", "US", "UY", "UZ", "VC", "VE", "VN", "VU", "WS", "XK", "ZA", "ZM", "ZW" ],
      "disc_number" : 1,
      "duration_ms" : 200045,
      "explicit" : false,
      "external_ids" : {
        "isrc" : "USUG11904206"
      },
      "external_urls" : {
        "spotify" : "https://open.spotify.com/track/6qYkmqFsXbj8CQjAdbYz07"
      },
      "href" : "https://api.spotify.com/v1/tracks/6qYkmqFsXbj8CQjAdbYz07",
      "id" : "6qYkmqFsXbj8CQjAdbYz07",
      "is_local" : false,
      "name" : "Blinding Lights",
      "popularity" : 59,
      "preview_url" : null,
      "track_number" : 1,
      "type" : "track",
      "uri" : "spotify:track:6qYkmqFsXbj8CQjAdbYz07"
    }, {
      "album" : {
        "album_type" : "album",
        "artists" : [ {
          "external_urls" : {
            "spotify" : "https://open.spotify.com/artist/3TVXtAsR1Inumwj472S9r4"
          },
          "href" : "https://api.spotify.com/v1/artists/3TVXtAsR1Inumwj472S9r4",
          "id" : "3TVXtAsR1Inumwj472S9r4",
          "name" : "Drake",
          "type" : "artist",
          "uri" : "spotify:artist:3TVXtAsR1Inumwj472S9r4"
        } ],
        "available_markets" : [ "AD", "AE", "AG", "AL", "AM", "AO", "AR", "AT", "AU", "AZ", "BA", "BB", "BD", "BE", "BF", "BG", "BH", "BI", "BJ", "BN", "BO", "BR", "BS", "BT", "BW", "BY", "BZ", "CA", "CD", "CG", "CH", "CI", "CL", "CM", "CO", "CR", "CV", "CW", "CY", "CZ", "DE", "DJ", "DK", "DM", "DO", "DZ", "EC", "EE", "EG", "ES", "FI", "FJ", "FM", "FR", "GA", "GB", "GD", "GE", "GH", "GM", "GN", "GQ", "GR", "GT", "GW", "GY", "HK", "HN", "HR", "HT", "HU", "ID", "IE", "IL", "IN", "IQ", "IS", "IT", "JM", "JO", "JP", "KE", "KG", "KH", "KI", "KM", "KN", "KR", "KW", "KZ", "LA", "LB", "LC", "LI", "LK", "LR", "LS", "LT", "LU", "LV", "LY", "MA", "MC", "MD", "ME", "MG", "MH", "MK", "ML", "MN", "MO", "MR", "MT", "MU", "MV", "MW", "MX", "MY", "MZ", "NA", "NE", "NG", "NI", "NL", "NO", "NP", "NR", "NZ", "OM", "PA", "PE", "PG", "PH", "PK", "PL", "PS", "PT", "PW", "PY", "QA", "RO", "RS", "RW", "SA", "SB", "SC", "SE", "SG", "SI", "SK", "SL", "SM", "SN", "SR", "ST", "SV", "SZ", "TD", "TG", "TH", "TJ", "TL", "TN", "TO", "TR", "TT", "TV", "TW", "TZ", "UA", "UG", "US", "UY", "UZ", "VC", "VE", "VN", "VU", "WS", "XK", "ZA", "ZM", "ZW" ],
        "external_urls" : {
          "spotify" : "https://open.spotify.com/album/40GMAhriYJRO1rsY4YdrZb"
        },
        "href" : "https://api.spotify.com/v1/albums/40GMAhriYJRO1rsY4YdrZb",
        "id" : "40GMAhriYJRO1rsY4YdrZb",
        "images" : [ {
          "height" : 640,
          "url" : "https://i.scdn.co/image/ab67616d0000b2739416ed64daf84936d89e671c",
          "width" : 640
        }, {
          "height" : 300,
          "url" : "https://i.scdn.co/image/ab67616d00001e029416ed64daf84936d89e671c",
          "width" : 300
        }, {
          "height" : 64,
          "url" : "https://i.scdn.co/image/ab67616d000048519416ed64daf84936d89e671c",
          "width" : 64
        } ],
        "name" : "Views",
        "release_date" : "2016-05-06",
        "release_date_precision" : "day",
        "total_tracks" : 20,
        "type" : "album",
        "uri" : "spotify:album:40GMAhriYJRO1rsY4YdrZb"
      },
      "artists" : [ {
        "external_urls" : {
          "spotify" : "https://open.spotify.com/artist/3TVXtAsR1Inumwj472S9r4"
        },
        "href" : "https://api.spotify.com/v1/artists/3TVXtAsR1Inumwj472S9r4",
        "id" : "3TVXtAsR1Inumwj472S9r4",
        "name" : "Drake",
        "type" : "artist",
        "uri" : "spotify:artist:3TVXtAsR1Inumwj472S9r4"
      }, {
        "external_urls" : {
          "spotify" : "https://open.spotify.com/artist/3tVQdUvClmAT7URs9V3rsp"
        },
        "href" : "https://api.spotify.com/v1/artists/3tVQdUvClmAT7URs9V3rsp",
        "id" : "3tVQdUvClmAT7URs9V3rsp",
        "name" : "WizKid",
        "type" : "artist",
        "uri" : "spotify:artist:3tVQdUvClmAT7URs9V3rsp"
      }, {
        "external_urls" : {
          "spotify" : "https://open.spotify.com/artist/77DAFfvm3O9zT5dIoG0eIO"
        },
        "href" : "https://api.spotify.com/v1/artists/77DAFfvm3O9zT5dIoG0eIO",
        "id" : "77DAFfvm3O9zT5dIoG0eIO",
        "name" : "Kyla",
        "type" : "artist",
        "uri" : "spotify:artist:77DAFfvm3O9zT5dIoG0eIO"
      } ],
      "available_markets" : [ "AD", "AE", "AG", "AL", "AM", "AO", "AR", "AT", "AU", "AZ", "BA", "BB", "BD", "BE", "BF", "BG", "BH", "BI", "BJ", "BN", "BO", "BR", "BS", "BT", "BW", "BY", "BZ", "CA", "CD", "CG", "CH", "CI", "CL", "CM", "CO", "CR", "CV", "CW", "CY", "CZ", "DE", "DJ", "DK", "DM", "DO", "DZ", "EC", "EE", "EG", "ES", "FI", "FJ", "FM", "FR", "GA", "GB", "GD", "GE", "GH", "GM", "GN", "GQ", "GR", "GT", "GW", "GY", "HK", "HN", "HR", "HT", "HU", "ID", "IE", "IL", "IN", "IQ", "IS", "IT", "JM", "JO", "JP", "KE", "KG", "KH", "KI", "KM", "KN", "KR", "KW", "KZ", "LA", "LB", "LC", "LI", "LK", "LR", "LS", "LT", "LU", "LV", "LY", "MA", "MC", "MD", "ME", "MG", "MH", "MK", "ML", "MN", "MO", "MR", "MT", "MU", "MV", "MW", "MX", "MY", "MZ", "NA", "NE", "NG", "NI", "NL", "NO", "NP", "NR", "NZ", "OM", "PA", "PE", "PG", "PH", "PK", "PL", "PS", "PT", "PW", "PY", "QA", "RO", "RS", "RW", "SA", "SB", "SC", "SE", "SG", "SI", "SK", "SL", "SM", "SN", "SR", "ST", "SV", "SZ", "TD", "TG", "TH", "TJ", "TL", "TN", "TO", "TR", "TT", "TV", "TW", "TZ", "UA", "UG", "US", "UY", "UZ", "VC", "VE", "VN", "VU", "WS", "XK", "ZA", "ZM", "ZW" ],
      "disc_number" : 1,
      "duration_ms" : 173986,
      "explicit" : false,
      "external_ids" : {
        "isrc" : "USCM51600028"
      },
      "external_urls" : {
        "spotify" : "https://open.spotify.com/track/1zi7xx7UVEFkmKfv06H8x0"
      },
      "href" : "https://api.spotify.com/v1/tracks/1zi7xx7UVEFkmKfv06H8x0",
      "id" : "1zi7xx7UVEFkmKfv06H8x0",
      "is_local" : false,
      "name" : "One Dance",
      "popularity" : 86,
      "preview_url" : null,
      "track_number" : 12,
      "type" : "track",
      "uri" : "spotify:track:1zi7xx7UVEFkmKfv06H8x0"
    }, {
      "album" : {
        "album_type" : "single",
        "artists" : [ {
          "external_urls" : {
            "spotify" : "https://open.spotify.com/artist/1HMBuicB5RnpHxRDR51oMS"
          },
          "href" : "https://api.spotify.com/v1/artists/1HMBuicB5RnpHxRDR51oMS",
          "id" : "1HMBuicB5RnpHxRDR51oMS",
          "name" : "Alex Kennon",
          "type" : "artist",
          "uri" : "spotify:artist:1HMBuicB5RnpHxRDR51oMS"
        }, {
          "external_urls" : {
            "spotify" : "https://open.spotify.com/artist/4jGpKAmwvU263l0tUh4xKU"
          },
          "href" : "https://api.spotify.com/v1/artists/4jGpKAmwvU263l0tUh4xKU",
          "id" : "4jGpKAmwvU263l0tUh4xKU",
          "name" : "Joris Voorn",
          "type" : "artist",
          "uri" : "spotify:artist:4jGpKAmwvU263l0tUh4xKU"
        } ],
        "available_markets" : [ "AD", "AE", "AG", "AL", "AM", "AO", "AR", "AT", "AU", "AZ", "BA", "BB", "BD", "BE", "BF", "BG", "BH", "BI", "BJ", "BN", "BO", "BR", "BS", "BT", "BW", "BY", "BZ", "CA", "CD", "CG", "CH", "CI", "CL", "CM", "CO", "CR", "CV", "CW", "CY", "CZ", "DE", "DJ", "DK", "DM", "DO", "DZ", "EC", "EE", "EG", "ES", "FI", "FJ", "FM", "FR", "GA", "GB", "GD", "GE", "GH", "GM", "GN", "GQ", "GR", "GT", "GW", "GY", "HK", "HN", "HR", "HT", "HU", "ID", "IE", "IL", "IN", "IQ", "IS", "IT", "JM", "JO", "JP", "KE", "KG", "KH", "KI", "KM", "KN", "KR", "KW", "KZ", "LA", "LB", "LC", "LI", "LK", "LR", "LS", "LT", "LU", "LV", "LY", "MA", "MC", "MD", "ME", "MG", "MH", "MK", "ML", "MN", "MO", "MR", "MT", "MU", "MV", "MW", "MX", "MY", "MZ", "NA", "NE", "NG", "NI", "NL", "NO", "NP", "NR", "NZ", "OM", "PA", "PE", "PG", "PH", "PK", "PL", "PS", "PT", "PW", "PY", "QA", "RO", "RS", "RW", "SA", "SB", "SC", "SE", "SG", "SI", "SK", "SL", "SM", "SN", "SR", "ST", "SV", "SZ", "TD", "TG", "TH", "TJ", "TL", "TN", "TO", "TR", "TT", "TV", "TW", "TZ", "UA", "UG", "US", "UY", "UZ", "VC", "VE", "VN", "VU", "WS", "XK", "ZA", "ZM", "ZW" ],
        "external_urls" : {
          "spotify" : "https://open.spotify.com/album/2bZXQG0WrPR1LcrJ01Of7J"
        },
        "href" : "https://api.spotify.com/v1/albums/2bZXQG0WrPR1LcrJ01Of7J",
        "id" : "2bZXQG0WrPR1LcrJ01Of7J",
        "images" : [ {
          "height" : 640,
          "url" : "https://i.scdn.co/image/ab67616d0000b273e52170fc941025ec1ed99609",
          "width" : 640
        }, {
          "height" : 300,
          "url" : "https://i.scdn.co/image/ab67616d00001e02e52170fc941025ec1ed99609",
          "width" : 300
        }, {
          "height" : 64,
          "url" : "https://i.scdn.co/image/ab67616d00004851e52170fc941025ec1ed99609",
          "width" : 64
        } ],
        "name" : "Blinding Lights (Joris Voorn Remix)",
        "release_date" : "2021-04-02",
        "release_date_precision" : "day",
        "total_tracks" : 1,
        "type" : "album",
        "uri" : "spotify:album:2bZXQG0WrPR1LcrJ01Of7J"
      },
      "artists" : [ {
        "external_urls" : {
          "spotify" : "https://open.spotify.com/artist/1HMBuicB5RnpHxRDR51oMS"
        },
        "href" : "https://api.spotify.com/v1/artists/1HMBuicB5RnpHxRDR51oMS",
        "id" : "1HMBuicB5RnpHxRDR51oMS",
        "name" : "Alex Kennon",
        "type" : "artist",
        "uri" : "spotify:artist:1HMBuicB5RnpHxRDR51oMS"
      }, {
        "external_urls" : {
          "spotify" : "https://open.spotify.com/artist/4jGpKAmwvU263l0tUh4xKU"
        },
        "href" : "https://api.spotify.com/v1/artists/4jGpKAmwvU263l0tUh4xKU",
        "id" : "4jGpKAmwvU263l0tUh4xKU",
        "name" : "Joris Voorn",
        "type" : "artist",
        "uri" : "spotify:artist:4jGpKAmwvU263l0tUh4xKU"
      } ],
      "available_markets" : [ "AD", "AE", "AG", "AL", "AM", "AO", "AR", "AT", "AU", "AZ", "BA", "BB", "BD", "BE", "BF", "BG", "BH", "BI", "BJ", "BN", "BO", "BR", "BS", "BT", "BW", "BY", "BZ", "CA", "CD", "CG", "CH", "CI", "CL", "CM", "CO", "CR", "CV", "CW", "CY", "CZ", "DE", "DJ", "DK", "DM", "DO", "DZ", "EC", "EE", "EG", "ES", "FI", "FJ", "FM", "FR", "GA", "GB", "GD", "GE", "GH", "GM", "GN", "GQ", "GR", "GT", "GW", "GY", "HK", "HN", "HR", "HT", "HU", "ID", "IE", "IL", "IN", "IQ", "IS", "IT", "JM", "JO", "JP", "KE", "KG", "KH", "KI", "KM", "KN", "KR", "KW", "KZ", "LA", "LB", "LC", "LI", "LK", "LR", "LS", "LT", "LU", "LV", "LY", "MA", "MC", "MD", "ME", "MG", "MH", "MK", "ML", "MN", "MO", "MR", "MT", "MU", "MV", "MW", "MX", "MY", "MZ", "NA", "NE", "NG", "NI", "NL", "NO", "NP", "NR", "NZ", "OM", "PA", "PE", "PG", "PH", "PK", "PL", "PS", "PT", "PW", "PY", "QA", "RO", "RS", "RW", "SA", "SB", "SC", "SE", "SG", "SI", "SK", "SL", "SM", "SN", "SR", "ST", "SV", "SZ", "TD", "TG", "TH", "TJ", "TL", "TN", "TO", "TR", "TT", "TV", "TW", "TZ", "UA", "UG", "US", "UY", "UZ", "VC", "VE", "VN", "VU", "WS", "XK", "ZA", "ZM", "ZW" ],
      "disc_number" : 1,
      "duration_ms" : 313748,
      "explicit" : false,
      "external_ids" : {
        "isrc" : "NLEW22100004"
      },
      "external_urls" : {
        "spotify" : "https://open.spotify.com/track/0fZ19tHX4FSslZn8EeKCpo"
      },
      "href" : "https://api.spotify.com/v1/tracks/0fZ19tHX4FSslZn8EeKCpo",
      "id" : "0fZ19tHX4FSslZn8EeKCpo",
      "is_local" : false,
      "name" : "Blinding Lights - Joris Voorn Remix",
      "popularity" : 46,
      "preview_url" : "https://p.scdn.co/mp3-preview/5b95571fff6e6845ae88087655f7aebede52e12a?cid=774b29d4f13844c495f206cafdad9c86",
      "track_number" : 1,
      "type" : "track",
      "uri" : "spotify:track:0fZ19tHX4FSslZn8EeKCpo"
    }, {
      "album" : {
        "album_type" : "single",
        "artists" : [ {
          "external_urls" : {
            "spotify" : "https://open.spotify.com/artist/1Xyo4u8uXC1ZmMpatF05PJ"
          },
          "href" : "https://api.spotify.com/v1/artists/1Xyo4u8uXC1ZmMpatF05PJ",
          "id" : "1Xyo4u8uXC1ZmMpatF05PJ",
          "name" : "The Weeknd",
          "type" : "artist",
          "uri" : "spotify:artist:1Xyo4u8uXC1ZmMpatF05PJ"
        }, {
          "external_urls" : {
            "spotify" : "https://open.spotify.com/artist/7ltDVBr6mKbRvohxheJ9h1"
          },
          "href" : "https://api.spotify.com/v1/artists/7ltDVBr6mKbRvohxheJ9h1",
          "id" : "7ltDVBr6mKbRvohxheJ9h1",
          "name" : "ROSALÍA",
          "type" : "artist",
          "uri" : "spotify:artist:7ltDVBr6mKbRvohxheJ9h1"
        } ],
        "available_markets" : [ "AD", "AE", "AG", "AL", "AM", "AO", "AR", "AT", "AU", "AZ", "BA", "BB", "BD", "BE", "BF", "BG", "BH", "BI", "BJ", "BN", "BO", "BR", "BS", "BT", "BW", "BY", "BZ", "CA", "CD", "CG", "CH", "CI", "CL", "CM", "CO", "CR", "CV", "CW", "CY", "CZ", "DE", "DJ", "DK", "DM", "DO", "DZ", "EC", "EE", "EG", "ES", "FI", "FJ", "FM", "FR", "GA", "GB", "GD", "GE", "GH", "GM", "GN", "GQ", "GR", "GT", "GW", "GY", "HK", "HN", "HR", "HT", "HU", "ID", "IE", "IL", "IN", "IQ", "IS", "IT", "JM", "JO", "JP", "KE", "KG", "KH", "KI", "KM", "KN", "KR", "KW", "KZ", "LA", "LB", "LC", "LI", "LK", "LR", "LS", "LT", "LU", "LV", "LY", "MA", "MC", "MD", "ME", "MG", "MH", "MK", "ML", "MN", "MO", "MR", "MT", "MU", "MV", "MW", "MX", "MY", "MZ", "NA", "NE", "NG", "NI", "NL", "NO", "NP", "NR", "NZ", "OM", "PA", "PE", "PG", "PH", "PK", "PL", "PS", "PT", "PW", "PY", "QA", "RO", "RS", "RW", "SA", "SB", "SC", "SE", "SG", "SI", "SK", "SL", "SM", "SN", "SR", "ST", "SV", "SZ", "TD", "TG", "TH", "TJ", "TL", "TN", "TO", "TR", "TT", "TV", "TW", "TZ", "UA", "UG", "US", "UY", "UZ", "VC", "VE", "VN", "VU", "WS", "XK", "ZA", "ZM", "ZW" ],
        "external_urls" : {
          "spotify" : "https://open.spotify.com/album/7B70Z32Ha84aMT6TOnW410"
        },
        "href" : "https://api.spotify.com/v1/albums/7B70Z32Ha84aMT6TOnW410",
        "id" : "7B70Z32Ha84aMT6TOnW410",
        "images" : [ {
          "height" : 640,
          "url" : "https://i.scdn.co/image/ab67616d0000b2734abb0f8259dc9f2feb0dfe18",
          "width" : 640
        }, {
          "height" : 300,
          "url" : "https://i.scdn.co/image/ab67616d00001e024abb0f8259dc9f2feb0dfe18",
          "width" : 300
        }, {
          "height" : 64,
          "url" : "https://i.scdn.co/image/ab67616d000048514abb0f8259dc9f2feb0dfe18",
          "width" : 64
        } ],
        "name" : "Blinding Lights (Remix)",
        "release_date" : "2020-12-04",
        "release_date_precision" : "day",
        "total_tracks" : 1,
        "type" : "album",
        "uri" : "spotify:album:7B70Z32Ha84aMT6TOnW410"
      },
      "artists" : [ {
        "external_urls" : {
          "spotify" : "https://open.spotify.com/artist/1Xyo4u8uXC1ZmMpatF05PJ"
        },
        "href" : "https://api.spotify.com/v1/artists/1Xyo4u8uXC1ZmMpatF05PJ",
        "id" : "1Xyo4u8uXC1ZmMpatF05PJ",
        "name" : "The Weeknd",
        "type" : "artist",
        "uri" : "spotify:artist:1Xyo4u8uXC1ZmMpatF05PJ"
      }, {
        "external_urls" : {
          "spotify" : "https://open.spotify.com/artist/7ltDVBr6mKbRvohxheJ9h1"
        },
        "href" : "https://api.spotify.com/v1/artists/7ltDVBr6mKbRvohxheJ9h1",
        "id" : "7ltDVBr6mKbRvohxheJ9h1",
        "name" : "ROSALÍA",
        "type" : "artist",
        "uri" : "spotify:artist:7ltDVBr6mKbRvohxheJ9h1"
      } ],
      "available_markets" : [ "AD", "AE", "AG", "AL", "AM", "AO", "AR", "AT", "AU", "AZ", "BA", "BB", "BD", "BE", "BF", "BG", "BH", "BI", "BJ", "BN", "BO", "BR", "BS", "BT", "BW", "BY", "BZ", "CA", "CD", "CG", "CH", "CI", "CL", "CM", "CO", "CR", "CV", "CW", "CY", "CZ", "DE", "DJ", "DK", "DM", "DO", "DZ", "EC", "EE", "EG", "ES", "FI", "FJ", "FM", "FR", "GA", "GB", "GD", "GE", "GH", "GM", "GN", "GQ", "GR", "GT", "GW", "GY", "HK", "HN", "HR", "HT", "HU", "ID", "IE", "IL", "IN", "IQ", "IS", "IT", "JM", "JO", "JP", "KE", "KG", "KH", "KI", "KM", "KN", "KR", "KW", "KZ", "LA", "LB", "LC", "LI", "LK", "LR", "LS", "LT", "LU", "LV", "LY", "MA", "MC", "MD", "ME", "MG", "MH", "MK", "ML", "MN", "MO", "MR", "MT", "MU", "MV", "MW", "MX", "MY", "MZ", "NA", "NE", "NG", "NI", "NL", "NO", "NP", "NR", "NZ", "OM", "PA", "PE", "PG", "PH", "PK", "PL", "PS", "PT", "PW", "PY", "QA", "RO", "RS", "RW", "SA", "SB", "SC", "SE", "SG", "SI", "SK", "SL", "SM", "SN", "SR", "ST", "SV", "SZ", "TD", "TG", "TH", "TJ", "TL", "TN", "TO", "TR", "TT", "TV", "TW", "TZ", "UA", "UG", "US", "UY", "UZ", "VC", "VE", "VN", "VU", "WS", "XK", "ZA", "ZM", "ZW" ],
      "disc_number" : 1,
      "duration_ms" : 216123,
      "explicit" : false,
      "external_ids" : {
        "isrc" : "USUG12004507"
      },
      "external_urls" : {
        "spotify" : "https://open.spotify.com/track/7MXgrcOQAJ5VwSNUL0lDd3"
      },
      "href" : "https://api.spotify.com/v1/tracks/7MXgrcOQAJ5VwSNUL0lDd3",
      "id" : "7MXgrcOQAJ5VwSNUL0lDd3",
      "is_local" : false,
      "name" : "Blinding Lights (with ROSALÍA) - Remix",
      "popularity" : 61,
      "preview_url" : null,
      "track_number" : 1,
      "type" : "track",
      "uri" : "spotify:track:7MXgrcOQAJ5VwSNUL0lDd3"
    }, {
      "album" : {
        "album_type" : "single",
        "artists" : [ {
          "external_urls" : {
            "spotify" : "https://open.spotify.com/artist/5L0QMeigP4hG0iVXspQVid"
          },
          "href" : "https://api.spotify.com/v1/artists/5L0QMeigP4hG0iVXspQVid",
          "id" : "5L0QMeigP4hG0iVXspQVid",
          "name" : "Ouvindo",
          "type" : "artist",
          "uri" : "spotify:artist:5L0QMeigP4hG0iVXspQVid"
        } ],
        "available_markets" : [ "AD", "AE", "AG", "AL", "AM", "AO", "AR", "AT", "AU", "AZ", "BA", "BB", "BD", "BE", "BF", "BG", "BH", "BI", "BJ", "BN", "BO", "BR", "BS", "BT", "BW", "BY", "BZ", "CA", "CD", "CG", "CH", "CI", "CL", "CM", "CO", "CR", "CV", "CW", "CY", "CZ", "DE", "DJ", "DK", "DM", "DO", "DZ", "EC", "EE", "EG", "ES", "FI", "FJ", "FM", "FR", "GA", "GB", "GD", "GE", "GH", "GM", "GN", "GQ", "GR", "GT", "GW", "GY", "HK", "HN", "HR", "HT", "HU", "ID", "IE", "IL", "IN", "IQ", "IS", "IT", "JM", "JO", "JP", "KE", "KG", "KH", "KI", "KM", "KN", "KR", "KW", "KZ", "LA", "LB", "LC", "LI", "LK", "LR", "LS", "LT", "LU", "LV", "LY", "MA", "MC", "MD", "ME", "MG", "MH", "MK", "ML", "MN", "MO", "MR", "MT", "MU", "MV", "MW", "MX", "MY", "MZ", "NA", "NE", "NG", "NI", "NL", "NO", "NP", "NR", "NZ", "OM", "PA", "PE", "PG", "PH", "PK", "PL", "PS", "PT", "PW", "PY", "QA", "RO", "RS", "RW", "SA", "SB", "SC", "SE", "SG", "SI", "SK", "SL", "SM", "SN", "SR", "ST", "SV", "SZ", "TD", "TG", "TH", "TJ", "TL", "TN", "TO", "TR", "TT", "TV", "TW", "TZ", "UA", "UG", "US", "UY", "UZ", "VC", "VE", "VN", "VU", "WS", "XK", "ZA", "ZM", "ZW" ],
        "external_urls" : {
          "spotify" : "https://open.spotify.com/album/7K77V3y6amFewbD01gZhby"
        },
        "href" : "https://api.spotify.com/v1/albums/7K77V3y6amFewbD01gZhby",
        "id" : "7K77V3y6amFewbD01gZhby",
        "images" : [ {
          "height" : 640,
          "url" : "https://i.scdn.co/image/ab67616d0000b273a190517524f9b2493d635635",
          "width" : 640
        }, {
          "height" : 300,
          "url" : "https://i.scdn.co/image/ab67616d00001e02a190517524f9b2493d635635",
          "width" : 300
        }, {
          "height" : 64,
          "url" : "https://i.scdn.co/image/ab67616d00004851a190517524f9b2493d635635",
          "width" : 64
        } ],
        "name" : "Blinding Lights",
        "release_date" : "2020-06-16",
        "release_date_precision" : "day",
        "total_tracks" : 1,
        "type" : "album",
        "uri" : "spotify:album:7K77V3y6amFewbD01gZhby"
      },
      "artists" : [ {
        "external_urls" : {
          "spotify" : "https://open.spotify.com/artist/5L0QMeigP4hG0iVXspQVid"
        },
        "href" : "https://api.spotify.com/v1/artists/5L0QMeigP4hG0iVXspQVid",
        "id" : "5L0QMeigP4hG0iVXspQVid",
        "name" : "Ouvindo",
        "type" : "artist",
        "uri" : "spotify:artist:5L0QMeigP4hG0iVXspQVid"
      } ],
      "available_markets" : [ "AD", "AE", "AG", "AL", "AM", "AO", "AR", "AT", "AU", "AZ", "BA", "BB", "BD", "BE", "BF", "BG", "BH", "BI", "BJ", "BN", "BO", "BR", "BS", "BT", "BW", "BY", "BZ", "CA", "CD", "CG", "CH", "CI", "CL", "CM", "CO", "CR", "CV", "CW", "CY", "CZ", "DE", "DJ", "DK", "DM", "DO", "DZ", "EC", "EE", "EG", "ES", "FI", "FJ", "FM", "FR", "GA", "GB", "GD", "GE", "GH", "GM", "GN", "GQ", "GR", "GT", "GW", "GY", "HK", "HN", "HR", "HT", "HU", "ID", "IE", "IL", "IN", "IQ", "IS", "IT", "JM", "JO", "JP", "KE", "KG", "KH", "KI", "KM", "KN", "KR", "KW", "KZ", "LA", "LB", "LC", "LI", "LK", "LR", "LS", "LT", "LU", "LV", "LY", "MA", "MC", "MD", "ME", "MG", "MH", "MK", "ML", "MN", "MO", "MR", "MT", "MU", "MV", "MW", "MX", "MY", "MZ", "NA", "NE", "NG", "NI", "NL", "NO", "NP", "NR", "NZ", "OM", "PA", "PE", "PG", "PH", "PK", "PL", "PS", "PT", "PW", "PY", "QA", "RO", "RS", "RW", "SA", "SB", "SC", "SE", "SG", "SI", "SK", "SL", "SM", "SN", "SR", "ST", "SV", "SZ", "TD", "TG", "TH", "TJ", "TL", "TN", "TO", "TR", "TT", "TV", "TW", "TZ", "UA", "UG", "US", "UY", "UZ", "VC", "VE", "VN", "VU", "WS", "XK", "ZA", "ZM", "ZW" ],
      "disc_number" : 1,
      "duration_ms" : 217935,
      "explicit" : false,
      "external_ids" : {
        "isrc" : "SE5IB2001090"
      },
      "external_urls" : {
        "spotify" : "https://open.spotify.com/track/3Iy7HHDobkkXJuBrSbuoU0"
      },
      "href" : "https://api.spotify.com/v1/tracks/3Iy7HHDobkkXJuBrSbuoU0",
      "id" : "3Iy7HHDobkkXJuBrSbuoU0",
      "is_local" : false,
      "name" : "Blinding Lights",
      "popularity" : 60,
      "preview_url" : "https://p.scdn.co/mp3-preview/c0896ebd5f579f9c154fb0642352b344cd45c448?cid=774b29d4f13844c495f206cafdad9c86",
      "track_number" : 1,
      "type" : "track",
      "uri" : "spotify:track:3Iy7HHDobkkXJuBrSbuoU0"
    }, {
      "album" : {
        "album_type" : "album",
        "artists" : [ {
          "external_urls" : {
            "spotify" : "https://open.spotify.com/artist/4IWBUUAFIplrNtaOHcJPRM"
          },
          "href" : "https://api.spotify.com/v1/artists/4IWBUUAFIplrNtaOHcJPRM",
          "id" : "4IWBUUAFIplrNtaOHcJPRM",
          "name" : "James Arthur",
          "type" : "artist",
          "uri" : "spotify:artist:4IWBUUAFIplrNtaOHcJPRM"
        } ],
        "available_markets" : [ "AD", "AE", "AG", "AM", "AO", "AR", "AT", "AU", "AZ", "BB", "BD", "BE", "BF", "BH", "BI", "BJ", "BN", "BO", "BR", "BS", "BT", "BW", "BY", "BZ", "CA", "CD", "CG", "CH", "CI", "CL", "CM", "CO", "CR", "CV", "CW", "CY", "CZ", "DE", "DJ", "DK", "DM", "DO", "DZ", "EC", "EE", "EG", "ES", "FI", "FJ", "FM", "FR", "GA", "GB", "GD", "GE", "GH", "GM", "GN", "GQ", "GR", "GT", "GW", "GY", "HK", "HN", "HT", "HU", "ID", "IE", "IN", "IQ", "IS", "IT", "JM", "JO", "JP", "KE", "KG", "KH", "KI", "KM", "KN", "KR", "KW", "KZ", "LA", "LB", "LC", "LI", "LK", "LR", "LS", "LT", "LU", "LV", "LY", "MA", "MC", "MD", "MG", "MH", "ML", "MN", "MO", "MR", "MT", "MU", "MV", "MW", "MX", "MY", "MZ", "NA", "NE", "NG", "NI", "NL", "NO", "NP", "NR", "NZ", "OM", "PA", "PE", "PG", "PH", "PK", "PS", "PT", "PW", "PY", "QA", "RW", "SA", "SB", "SC", "SE", "SG", "SK", "SL", "SM", "SN", "SR", "ST", "SV", "SZ", "TD", "TG", "TH", "TJ", "TL", "TN", "TO", "TR", "TT", "TV", "TW", "TZ", "UA", "UG", "US", "UY", "UZ", "VC", "VE", "VN", "VU", "WS", "ZA", "ZM", "ZW" ],
        "external_urls" : {
          "spotify" : "https://open.spotify.com/album/7oiJYvEJHsmYtrgviAVIBD"
        },
        "href" : "https://api.spotify.com/v1/albums/7oiJYvEJHsmYtrgviAVIBD",
        "id" : "7oiJYvEJHsmYtrgviAVIBD",
        "images" : [ {
          "height" : 640,
          "url" : "https://i.scdn.co/image/ab67616d0000b27320beb61f61fcbeb33b10a9ab",
          "width" : 640
        }, {
          "height" : 300,
          "url" : "https://i.scdn.co/image/ab67616d00001e0220beb61f61fcbeb33b10a9ab",
          "width" : 300
        }, {
          "height" : 64,
          "url" : "https://i.scdn.co/image/ab67616d0000485120beb61f61fcbeb33b10a9ab",
          "width" : 64
        } ],
        "name" : "Back from the Edge",
        "release_date" : "2016-10-28",
        "release_date_precision" : "day",
        "total_tracks" : 17,
        "type" : "album",
        "uri" : "spotify:album:7oiJYvEJHsmYtrgviAVIBD"
      },
      "artists" : [ {
        "external_urls" : {
          "spotify" : "https://open.spotify.com/artist/4IWBUUAFIplrNtaOHcJPRM"
        },
        "href" : "https://api.spotify.com/v1/artists/4IWBUUAFIplrNtaOHcJPRM",
        "id" : "4IWBUUAFIplrNtaOHcJPRM",
        "name" : "James Arthur",
        "type" : "artist",
        "uri" : "spotify:artist:4IWBUUAFIplrNtaOHcJPRM"
      } ],
      "available_markets" : [ "AD", "AE", "AG", "AM", "AO", "AR", "AT", "AU", "AZ", "BB", "BD", "BE", "BF", "BH", "BI", "BJ", "BN", "BO", "BR", "BS", "BT", "BW", "BY", "BZ", "CA", "CD", "CG", "CH", "CI", "CL", "CM", "CO", "CR", "CV", "CW", "CY", "CZ", "DE", "DJ", "DK", "DM", "DO", "DZ", "EC", "EE", "EG", "ES", "FI", "FJ", "FM", "FR", "GA", "GB", "GD", "GE", "GH", "GM", "GN", "GQ", "GR", "GT", "GW", "GY", "HK", "HN", "HT", "HU", "ID", "IE", "IN", "IQ", "IS", "IT", "JM", "JO", "JP", "KE", "KG", "KH", "KI", "KM", "KN", "KR", "KW", "KZ", "LA", "LB", "LC", "LI", "LK", "LR", "LS", "LT", "LU", "LV", "LY", "MA", "MC", "MD", "MG", "MH", "ML", "MN", "MO", "MR", "MT", "MU", "MV", "MW", "MX", "MY", "MZ", "NA", "NE", "NG", "NI", "NL", "NO", "NP", "NR", "NZ", "OM", "PA", "PE", "PG", "PH", "PK", "PS", "PT", "PW", "PY", "QA", "RW", "SA", "SB", "SC", "SE", "SG", "SK", "SL", "SM", "SN", "SR", "ST", "SV", "SZ", "TD", "TG", "TH", "TJ", "TL", "TN", "TO", "TR", "TT", "TV", "TW", "TZ", "UA", "UG", "US", "UY", "UZ", "VC", "VE", "VN", "VU", "WS", "ZA", "ZM", "ZW" ],
      "disc_number" : 1,
      "duration_ms" : 211466,
      "explicit" : false,
      "external_ids" : {
        "isrc" : "DEE861600586"
      },
      "external_urls" : {
        "spotify" : "https://open.spotify.com/track/5uCax9HTNlzGybIStD3vDh"
      },
      "href" : "https://api.spotify.com/v1/tracks/5uCax9HTNlzGybIStD3vDh",
      "id" : "5uCax9HTNlzGybIStD3vDh",
      "is_local" : false,
      "name" : "Say You Won't Let Go",
      "popularity" : 84,
      "preview_url" : "https://p.scdn.co/mp3-preview/9480af44f6c7c9c8edd70d87aa74cbff5532f8ba?cid=774b29d4f13844c495f206cafdad9c86",
      "track_number" : 2,
      "type" : "track",
      "uri" : "spotify:track:5uCax9HTNlzGybIStD3vDh"
    }, {
      "album" : {
        "album_type" : "single",
        "artists" : [ {
          "external_urls" : {
            "spotify" : "https://open.spotify.com/artist/5nkTBy8jQ71Zmvs030dTGj"
          },
          "href" : "https://api.spotify.com/v1/artists/5nkTBy8jQ71Zmvs030dTGj",
          "id" : "5nkTBy8jQ71Zmvs030dTGj",
          "name" : "Lofis",
          "type" : "artist",
          "uri" : "spotify:artist:5nkTBy8jQ71Zmvs030dTGj"
        } ],
        "available_markets" : [ "AD", "AE", "AG", "AL", "AM", "AO", "AR", "AT", "AU", "AZ", "BA", "BB", "BD", "BE", "BF", "BG", "BH", "BI", "BJ", "BN", "BO", "BR", "BS", "BT", "BW", "BY", "BZ", "CA", "CD", "CG", "CH", "CI", "CL", "CM", "CO", "CR", "CV", "CW", "CY", "CZ", "DE", "DJ", "DK", "DM", "DO", "DZ", "EC", "EE", "EG", "ES", "FI", "FJ", "FM", "FR", "GA", "GB", "GD", "GE", "GH", "GM", "GN", "GQ", "GR", "GT", "GW", "GY", "HK", "HN", "HR", "HT", "HU", "ID", "IE", "IL", "IN", "IQ", "IS", "IT", "JM", "JO", "JP", "KE", "KG", "KH", "KI", "KM", "KN", "KR", "KW", "KZ", "LA", "LB", "LC", "LI", "LK", "LR", "LS", "LT", "LU", "LV", "LY", "MA", "MC", "MD", "ME", "MG", "MH", "MK", "ML", "MN", "MO", "MR", "MT", "MU", "MV", "MW", "MX", "MY", "MZ", "NA", "NE", "NG", "NI", "NL", "NO", "NP", "NR", "NZ", "OM", "PA", "PE", "PG", "PH", "PK", "PL", "PS", "PT", "PW", "PY", "QA", "RO", "RS", "RW", "SA", "SB", "SC", "SE", "SG", "SI", "SK", "SL", "SM", "SN", "SR", "ST", "SV", "SZ", "TD", "TG", "TH", "TJ", "TL", "TN", "TO", "TR", "TT", "TV", "TW", "TZ", "UA", "UG", "US", "UY", "UZ", "VC", "VE", "VN", "VU", "WS", "XK", "ZA", "ZM", "ZW" ],
        "external_urls" : {
          "spotify" : "https://open.spotify.com/album/44U5Xq76s7ygpc7XGiStPq"
        },
        "href" : "https://api.spotify.com/v1/albums/44U5Xq76s7ygpc7XGiStPq",
        "id" : "44U5Xq76s7ygpc7XGiStPq",
        "images" : [ {
          "height" : 640,
          "url" : "https://i.scdn.co/image/ab67616d0000b27354e6c4c96daa7282d82f5899",
          "width" : 640
        }, {
          "height" : 300,
          "url" : "https://i.scdn.co/image/ab67616d00001e0254e6c4c96daa7282d82f5899",
          "width" : 300
        }, {
          "height" : 64,
          "url" : "https://i.scdn.co/image/ab67616d0000485154e6c4c96daa7282d82f5899",
          "width" : 64
        } ],
        "name" : "Heaven",
        "release_date" : "2021-12-05",
        "release_date_precision" : "day",
        "total_tracks" : 5,
        "type" : "album",
        "uri" : "spotify:album:44U5Xq76s7ygpc7XGiStPq"
      },
      "artists" : [ {
        "external_urls" : {
          "spotify" : "https://open.spotify.com/artist/5nkTBy8jQ71Zmvs030dTGj"
        },
        "href" : "https://api.spotify.com/v1/artists/5nkTBy8jQ71Zmvs030dTGj",
        "id" : "5nkTBy8jQ71Zmvs030dTGj",
        "name" : "Lofis",
        "type" : "artist",
        "uri" : "spotify:artist:5nkTBy8jQ71Zmvs030dTGj"
      } ],
      "available_markets" : [ "AD", "AE", "AG", "AL", "AM", "AO", "AR", "AT", "AU", "AZ", "BA", "BB", "BD", "BE", "BF", "BG", "BH", "BI", "BJ", "BN", "BO", "BR", "BS", "BT", "BW", "BY", "BZ", "CA", "CD", "CG", "CH", "CI", "CL", "CM", "CO", "CR", "CV", "CW", "CY", "CZ", "DE", "DJ", "DK", "DM", "DO", "DZ", "EC", "EE", "EG", "ES", "FI", "FJ", "FM", "FR", "GA", "GB", "GD", "GE", "GH", "GM", "GN", "GQ", "GR", "GT", "GW", "GY", "HK", "HN", "HR", "HT", "HU", "ID", "IE", "IL", "IN", "IQ", "IS", "IT", "JM", "JO", "JP", "KE", "KG", "KH", "KI", "KM", "KN", "KR", "KW", "KZ", "LA", "LB", "LC", "LI", "LK", "LR", "LS", "LT", "LU", "LV", "LY", "MA", "MC", "MD", "ME", "MG", "MH", "MK", "ML", "MN", "MO", "MR", "MT", "MU", "MV", "MW", "MX", "MY", "MZ", "NA", "NE", "NG", "NI", "NL", "NO", "NP", "NR", "NZ", "OM", "PA", "PE", "PG", "PH", "PK", "PL", "PS", "PT", "PW", "PY", "QA", "RO", "RS", "RW", "SA", "SB", "SC", "SE", "SG", "SI", "SK", "SL", "SM", "SN", "SR", "ST", "SV", "SZ", "TD", "TG", "TH", "TJ", "TL", "TN", "TO", "TR", "TT", "TV", "TW", "TZ", "UA", "UG", "US", "UY", "UZ", "VC", "VE", "VN", "VU", "WS", "XK", "ZA", "ZM", "ZW" ],
      "disc_number" : 1,
      "duration_ms" : 229525,
      "explicit" : true,
      "external_ids" : {
        "isrc" : "QM3DF2109109"
      },
      "external_urls" : {
        "spotify" : "https://open.spotify.com/track/1pCNyEWGT20O7W1xwZyxm9"
      },
      "href" : "https://api.spotify.com/v1/tracks/1pCNyEWGT20O7W1xwZyxm9",
      "id" : "1pCNyEWGT20O7W1xwZyxm9",
      "is_local" : false,
      "name" : "Blinding Lights - Slowed",
      "popularity" : 49,
      "preview_url" : "https://p.scdn.co/mp3-preview/0be8ef4fc3cdb4100dc607448f61524948c1297c?cid=774b29d4f13844c495f206cafdad9c86",
      "track_number" : 4,
      "type" : "track",
      "uri" : "spotify:track:1pCNyEWGT20O7W1xwZyxm9"
    }, {
      "album" : {
        "album_type" : "compilation",
        "artists" : [ {
          "external_urls" : {
            "spotify" : "https://open.spotify.com/artist/0LyfQWJT6nXafLPZqxe9Of"
          },
          "href" : "https://api.spotify.com/v1/artists/0LyfQWJT6nXafLPZqxe9Of",
          "id" : "0LyfQWJT6nXafLPZqxe9Of",
          "name" : "Various Artists",
          "type" : "artist",
          "uri" : "spotify:artist:0LyfQWJT6nXafLPZqxe9Of"
        } ],
        "available_markets" : [ "AD", "AE", "AG", "AL", "AM", "AO", "AR", "AT", "AU", "AZ", "BA", "BB", "BD", "BE", "BF", "BG", "BH", "BI", "BJ", "BN", "BO", "BR", "BS", "BT", "BW", "BY", "BZ", "CA", "CD", "CG", "CH", "CI", "CL", "CM", "CO", "CR", "CV", "CW", "CY", "CZ", "DE", "DJ", "DK", "DM", "DO", "DZ", "EC", "EE", "EG", "ES", "FI", "FJ", "FM", "FR", "GA", "GB", "GD", "GE", "GH", "GM", "GN", "GQ", "GR", "GT", "GW", "GY", "HK", "HN", "HR", "HT", "HU", "ID", "IE", "IL", "IN", "IQ", "IS", "IT", "JM", "JO", "JP", "KE", "KG", "KH", "KI", "KM", "KN", "KR", "KW", "KZ", "LA", "LB", "LC", "LI", "LK", "LR", "LS", "LT", "LU", "LV", "LY", "MA", "MC", "MD", "ME", "MG", "MH", "MK", "ML", "MN", "MO", "MR", "MT", "MU", "MV", "MW", "MX", "MY", "MZ", "NA", "NE", "NG", "NI", "NL", "NO", "NP", "NR", "NZ", "OM", "PA", "PE", "PG", "PH", "PK", "PL", "PS", "PT", "PW", "PY", "QA", "RO", "RS", "RW", "SA", "SB", "SC", "SE", "SG", "SI", "SK", "SL", "SM", "SN", "SR", "ST", "SV", "SZ", "TD", "TG", "TH", "TJ", "TL", "TN", "TO", "TR", "TT", "TV", "TW", "TZ", "UA", "UG", "US", "UY", "UZ", "VC", "VE", "VN", "VU", "WS", "XK", "ZA", "ZM", "ZW" ],
        "external_urls" : {
          "spotify" : "https://open.spotify.com/album/35s58BRTGAEWztPo9WqCIs"
        },
        "href" : "https://api.spotify.com/v1/albums/35s58BRTGAEWztPo9WqCIs",
        "id" : "35s58BRTGAEWztPo9WqCIs",
        "images" : [ {
          "height" : 640,
          "url" : "https://i.scdn.co/image/ab67616d0000b273e2e352d89826aef6dbd5ff8f",
          "width" : 640
        }, {
          "height" : 300,
          "url" : "https://i.scdn.co/image/ab67616d00001e02e2e352d89826aef6dbd5ff8f",
          "width" : 300
        }, {
          "height" : 64,
          "url" : "https://i.scdn.co/image/ab67616d00004851e2e352d89826aef6dbd5ff8f",
          "width" : 64
        } ],
        "name" : "Spider-Man: Into the Spider-Verse (Soundtrack From & Inspired by the Motion Picture)",
        "release_date" : "2018-12-14",
        "release_date_precision" : "day",
        "total_tracks" : 13,
        "type" : "album",
        "uri" : "spotify:album:35s58BRTGAEWztPo9WqCIs"
      },
      "artists" : [ {
        "external_urls" : {
          "spotify" : "https://open.spotify.com/artist/246dkjvS1zLTtiykXe5h60"
        },
        "href" : "https://api.spotify.com/v1/artists/246dkjvS1zLTtiykXe5h60",
        "id" : "246dkjvS1zLTtiykXe5h60",
        "name" : "Post Malone",
        "type" : "artist",
        "uri" : "spotify:artist:246dkjvS1zLTtiykXe5h60"
      }, {
        "external_urls" : {
          "spotify" : "https://open.spotify.com/artist/1zNqQNIdeOUZHb8zbZRFMX"
        },
        "href" : "https://api.spotify.com/v1/artists/1zNqQNIdeOUZHb8zbZRFMX",
        "id" : "1zNqQNIdeOUZHb8zbZRFMX",
        "name" : "Swae Lee",
        "type" : "artist",
        "uri" : "spotify:artist:1zNqQNIdeOUZHb8zbZRFMX"
      } ],
      "available_markets" : [ "AD", "AE", "AG", "AL", "AM", "AO", "AR", "AT", "AU", "AZ", "BA", "BB", "BD", "BE", "BF", "BG", "BH", "BI", "BJ", "BN", "BO", "BR", "BS", "BT", "BW", "BY", "BZ", "CA", "CD", "CG", "CH", "CI", "CL", "CM", "CO", "CR", "CV", "CW", "CY", "CZ", "DE", "DJ", "DK", "DM", "DO", "DZ", "EC", "EE", "EG", "ES", "FI", "FJ", "FM", "FR", "GA", "GB", "GD", "GE", "GH", "GM", "GN", "GQ", "GR", "GT", "GW", "GY", "HK", "HN", "HR", "HT", "HU", "ID", "IE", "IL", "IN", "IQ", "IS", "IT", "JM", "JO", "JP", "KE", "KG", "KH", "KI", "KM", "KN", "KR", "KW", "KZ", "LA", "LB", "LC", "LI", "LK", "LR", "LS", "LT", "LU", "LV", "LY", "MA", "MC", "MD", "ME", "MG", "MH", "MK", "ML", "MN", "MO", "MR", "MT", "MU", "MV", "MW", "MX", "MY", "MZ", "NA", "NE", "NG", "NI", "NL", "NO", "NP", "NR", "NZ", "OM", "PA", "PE", "PG", "PH", "PK", "PL", "PS", "PT", "PW", "PY", "QA", "RO", "RS", "RW", "SA", "SB", "SC", "SE", "SG", "SI", "SK", "SL", "SM", "SN", "SR", "ST", "SV", "SZ", "TD", "TG", "TH", "TJ", "TL", "TN", "TO", "TR", "TT", "TV", "TW", "TZ", "UA", "UG", "US", "UY", "UZ", "VC", "VE", "VN", "VU", "WS", "XK", "ZA", "ZM", "ZW" ],
      "disc_number" : 1,
      "duration_ms" : 158040,
      "explicit" : false,
      "external_ids" : {
        "isrc" : "USUM71814888"
      },
      "external_urls" : {
        "spotify" : "https://open.spotify.com/track/3KkXRkHbMCARz0aVfEt68P"
      },
      "href" : "https://api.spotify.com/v1/tracks/3KkXRkHbMCARz0aVfEt68P",
      "id" : "3KkXRkHbMCARz0aVfEt68P",
      "is_local" : false,
      "name" : "Sunflower - Spider-Man: Into the Spider-Verse",
      "popularity" : 83,
      "preview_url" : null,
      "track_number" : 2,
      "type" : "track",
      "uri" : "spotify:track:3KkXRkHbMCARz0aVfEt68P"
    }, {
      "album" : {
        "album_type" : "album",
        "artists" : [ {
          "external_urls" : {
            "spotify" : "https://open.spotify.com/artist/6MERXsiRbur2oJZFgYRDKz"
          },
          "href" : "https://api.spotify.com/v1/artists/6MERXsiRbur2oJZFgYRDKz",
          "id" : "6MERXsiRbur2oJZFgYRDKz",
          "name" : "Vitamin String Quartet",
          "type" : "artist",
          "uri" : "spotify:artist:6MERXsiRbur2oJZFgYRDKz"
        } ],
        "available_markets" : [ "AD", "AE", "AG", "AL", "AM", "AO", "AR", "AT", "AU", "AZ", "BA", "BB", "BD", "BE", "BF", "BG", "BH", "BI", "BJ", "BN", "BO", "BR", "BS", "BT", "BW", "BY", "BZ", "CA", "CD", "CG", "CH", "CI", "CL", "CM", "CO", "CR", "CV", "CW", "CY", "CZ", "DE", "DJ", "DK", "DM", "DO", "DZ", "EC", "EE", "EG", "ES", "FI", "FJ", "FM", "FR", "GA", "GB", "GD", "GE", "GH", "GM", "GN", "GQ", "GR", "GT", "GW", "GY", "HK", "HN", "HR", "HT", "HU", "ID", "IE", "IL", "IN", "IQ", "IS", "IT", "JM", "JO", "JP", "KE", "KG", "KH", "KI", "KM", "KN", "KR", "KW", "KZ", "LA", "LB", "LC", "LI", "LK", "LR", "LS", "LT", "LU", "LV", "LY", "MA", "MC", "MD", "ME", "MG", "MH", "MK", "ML", "MN", "MO", "MR", "MT", "MU", "MV", "MW", "MX", "MY", "MZ", "NA", "NE", "NG", "NI", "NL", "NO", "NP", "NR", "NZ", "OM", "PA", "PE", "PG", "PH", "PK", "PL", "PS", "PT", "PW", "PY", "QA", "RO", "RS", "RW", "SA", "SB", "SC", "SE", "SG", "SI", "SK", "SL", "SM", "SN", "SR", "ST", "SV", "SZ", "TD", "TG", "TH", "TJ", "TL", "TN", "TO", "TR", "TT", "TV", "TW", "TZ", "UA", "UG", "US", "UY", "UZ", "VC", "VE", "VN", "VU", "WS", "XK", "ZA", "ZM", "ZW" ],
        "external_urls" : {
          "spotify" : "https://open.spotify.com/album/0F5JNuFJ9AcZnKdNRjWFeN"
        },
        "href" : "https://api.spotify.com/v1/albums/0F5JNuFJ9AcZnKdNRjWFeN",
        "id" : "0F5JNuFJ9AcZnKdNRjWFeN",
        "images" : [ {
          "height" : 640,
          "url" : "https://i.scdn.co/image/ab67616d0000b273bf30549de1c332630a11133f",
          "width" : 640
        }, {
          "height" : 300,
          "url" : "https://i.scdn.co/image/ab67616d00001e02bf30549de1c332630a11133f",
          "width" : 300
        }, {
          "height" : 64,
          "url" : "https://i.scdn.co/image/ab67616d00004851bf30549de1c332630a11133f",
          "width" : 64
        } ],
        "name" : "VSQ Performs the Hits of 2020",
        "release_date" : "2020-08-21",
        "release_date_precision" : "day",
        "total_tracks" : 12,
        "type" : "album",
        "uri" : "spotify:album:0F5JNuFJ9AcZnKdNRjWFeN"
      },
      "artists" : [ {
        "external_urls" : {
          "spotify" : "https://open.spotify.com/artist/6MERXsiRbur2oJZFgYRDKz"
        },
        "href" : "https://api.spotify.com/v1/artists/6MERXsiRbur2oJZFgYRDKz",
        "id" : "6MERXsiRbur2oJZFgYRDKz",
        "name" : "Vitamin String Quartet",
        "type" : "artist",
        "uri" : "spotify:artist:6MERXsiRbur2oJZFgYRDKz"
      } ],
      "available_markets" : [ "AD", "AE", "AG", "AL", "AM", "AO", "AR", "AT", "AU", "AZ", "BA", "BB", "BD", "BE", "BF", "BG", "BH", "BI", "BJ", "BN", "BO", "BR", "BS", "BT", "BW", "BY", "BZ", "CA", "CD", "CG", "CH", "CI", "CL", "CM", "CO", "CR", "CV", "CW", "CY", "CZ", "DE", "DJ", "DK", "DM", "DO", "DZ", "EC", "EE", "EG", "ES", "FI", "FJ", "FM", "FR", "GA", "GB", "GD", "GE", "GH", "GM", "GN", "GQ", "GR", "GT", "GW", "GY", "HK", "HN", "HR", "HT", "HU", "ID", "IE", "IL", "IN", "IQ", "IS", "IT", "JM", "JO", "JP", "KE", "KG", "KH", "KI", "KM", "KN", "KR", "KW", "KZ", "LA", "LB", "LC", "LI", "LK", "LR", "LS", "LT", "LU", "LV", "LY", "MA", "MC", "MD", "ME", "MG", "MH", "MK", "ML", "MN", "MO", "MR", "MT", "MU", "MV", "MW", "MX", "MY", "MZ", "NA", "NE", "NG", "NI", "NL", "NO", "NP", "NR", "NZ", "OM", "PA", "PE", "PG", "PH", "PK", "PL", "PS", "PT", "PW", "PY", "QA", "RO", "RS", "RW", "SA", "SB", "SC", "SE", "SG", "SI", "SK", "SL", "SM", "SN", "SR", "ST", "SV", "SZ", "TD", "TG", "TH", "TJ", "TL", "TN", "TO", "TR", "TT", "TV", "TW", "TZ", "UA", "UG", "US", "UY", "UZ", "VC", "VE", "VN", "VU", "WS", "XK", "ZA", "ZM", "ZW" ],
      "disc_number" : 1,
      "duration_ms" : 201786,
      "explicit" : false,
      "external_ids" : {
        "isrc" : "USEWC2091058"
      },
      "external_urls" : {
        "spotify" : "https://open.spotify.com/track/5x17OfFfF4UNy5XkRBZjWB"
      },
      "href" : "https://api.spotify.com/v1/tracks/5x17OfFfF4UNy5XkRBZjWB",
      "id" : "5x17OfFfF4UNy5XkRBZjWB",
      "is_local" : false,
      "name" : "Blinding Lights",
      "popularity" : 53,
      "preview_url" : "https://p.scdn.co/mp3-preview/81cddf0d7eb1de2b8ebba267775d0f1d8652274d?cid=774b29d4f13844c495f206cafdad9c86",
      "track_number" : 1,
      "type" : "track",
      "uri" : "spotify:track:5x17OfFfF4UNy5XkRBZjWB"
    }, {
      "album" : {
        "album_type" : "album",
        "artists" : [ {
          "external_urls" : {
            "spotify" : "https://open.spotify.com/artist/6eUKZXaKkcviH0Ku9w2n3V"
          },
          "href" : "https://api.spotify.com/v1/artists/6eUKZXaKkcviH0Ku9w2n3V",
          "id" : "6eUKZXaKkcviH0Ku9w2n3V",
          "name" : "Ed Sheeran",
          "type" : "artist",
          "uri" : "spotify:artist:6eUKZXaKkcviH0Ku9w2n3V"
        } ],
        "available_markets" : [ "AE", "AG", "AL", "AM", "AO", "AR", "AT", "AU", "AZ", "BA", "BB", "BE", "BF", "BG", "BH", "BI", "BJ", "BN", "BO", "BR", "BS", "BW", "BY", "BZ", "CA", "CD", "CG", "CH", "CI", "CL", "CM", "CO", "CR", "CV", "CW", "CY", "CZ", "DE", "DJ", "DK", "DM", "DO", "DZ", "EC", "EE", "EG", "ES", "FI", "FJ", "FM", "FR", "GA", "GB", "GD", "GH", "GM", "GN", "GQ", "GR", "GT", "GW", "HK", "HN", "HR", "HT", "HU", "ID", "IE", "IL", "IN", "IQ", "IT", "JM", "JO", "JP", "KE", "KG", "KH", "KM", "KN", "KR", "KW", "KZ", "LA", "LB", "LC", "LK", "LR", "LS", "LT", "LU", "LV", "LY", "MA", "MD", "ME", "MG", "MK", "ML", "MN", "MO", "MR", "MT", "MU", "MW", "MX", "MY", "MZ", "NA", "NE", "NG", "NI", "NL", "NO", "NP", "NZ", "OM", "PA", "PE", "PG", "PH", "PL", "PT", "PY", "QA", "RO", "RS", "RW", "SA", "SC", "SE", "SG", "SI", "SK", "SL", "SN", "ST", "SV", "SZ", "TD", "TG", "TH", "TJ", "TL", "TN", "TR", "TT", "TW", "TZ", "UA", "UG", "US", "UY", "UZ", "VC", "VE", "VN", "XK", "ZA", "ZM", "ZW" ],
        "external_urls" : {
          "spotify" : "https://open.spotify.com/album/1xn54DMo2qIqBuMqHtUsFd"
        },
        "href" : "https://api.spotify.com/v1/albums/1xn54DMo2qIqBuMqHtUsFd",
        "id" : "1xn54DMo2qIqBuMqHtUsFd",
        "images" : [ {
          "height" : 640,
          "url" : "https://i.scdn.co/image/ab67616d0000b27313b3e37318a0c247b550bccd",
          "width" : 640
        }, {
          "height" : 300,
          "url" : "https://i.scdn.co/image/ab67616d00001e0213b3e37318a0c247b550bccd",
          "width" : 300
        }, {
          "height" : 64,
          "url" : "https://i.scdn.co/image/ab67616d0000485113b3e37318a0c247b550bccd",
          "width" : 64
        } ],
        "name" : "x (Deluxe Edition)",
        "release_date" : "2014-06-21",
        "release_date_precision" : "day",
        "total_tracks" : 16,
        "type" : "album",
        "uri" : "spotify:album:1xn54DMo2qIqBuMqHtUsFd"
      },
      "artists" : [ {
        "external_urls" : {
          "spotify" : "https://open.spotify.com/artist/6eUKZXaKkcviH0Ku9w2n3V"
        },
        "href" : "https://api.spotify.com/v1/artists/6eUKZXaKkcviH0Ku9w2n3V",
        "id" : "6eUKZXaKkcviH0Ku9w2n3V",
        "name" : "Ed Sheeran",
        "type" : "artist",
        "uri" : "spotify:artist:6eUKZXaKkcviH0Ku9w2n3V"
      } ],
      "available_markets" : [ "AE", "AG", "AL", "AM", "AO", "AR", "AT", "AU", "AZ", "BA", "BB", "BE", "BF", "BG", "BH", "BI", "BJ", "BN", "BO", "BR", "BS", "BW", "BY", "BZ", "CA", "CD", "CG", "CH", "CI", "CL", "CM", "CO", "CR", "CV", "CW", "CY", "CZ", "DE", "DJ", "DK", "DM", "DO", "DZ", "EC", "EE", "EG", "ES", "FI", "FJ", "FM", "FR", "GA", "GB", "GD", "GH", "GM", "GN", "GQ", "GR", "GT", "GW", "HK", "HN", "HR", "HT", "HU", "ID", "IE", "IL", "IN", "IQ", "IT", "JM", "JO", "JP", "KE", "KG", "KH", "KM", "KN", "KR", "KW", "KZ", "LA", "LB", "LC", "LK", "LR", "LS", "LT", "LU", "LV", "LY", "MA", "MD", "ME", "MG", "MK", "ML", "MN", "MO", "MR", "MT", "MU", "MW", "MX", "MY", "MZ", "NA", "NE", "NG", "NI", "NL", "NO", "NP", "NZ", "OM", "PA", "PE", "PG", "PH", "PL", "PT", "PY", "QA", "RO", "RS", "RW", "SA", "SC", "SE", "SG", "SI", "SK", "SL", "SN", "ST", "SV", "SZ", "TD", "TG", "TH", "TJ", "TL", "TN", "TR", "TT", "TW", "TZ", "UA", "UG", "US", "UY", "UZ", "VC", "VE", "VN", "XK", "ZA", "ZM", "ZW" ],
      "disc_number" : 1,
      "duration_ms" : 281560,
      "explicit" : false,
      "external_ids" : {
        "isrc" : "GBAHS1400099"
      },
      "external_urls" : {
        "spotify" : "https://open.spotify.com/track/34gCuhDGsG4bRPIf9bb02f"
      },
      "href" : "https://api.spotify.com/v1/tracks/34gCuhDGsG4bRPIf9bb02f",
      "id" : "34gCuhDGsG4bRPIf9bb02f",
      "is_local" : false,
      "name" : "Thinking out Loud",
      "popularity" : 83,
      "preview_url" : "https://p.scdn.co/mp3-preview/f6e44fbb82eda462c977397d1f16e2a4ab05e3f3?cid=774b29d4f13844c495f206cafdad9c86",
      "track_number" : 11,
      "type" : "track",
      "uri" : "spotify:track:34gCuhDGsG4bRPIf9bb02f"
    }, {
      "album" : {
        "album_type" : "single",
        "artists" : [ {
          "external_urls" : {
            "spotify" : "https://open.spotify.com/artist/1Xyo4u8uXC1ZmMpatF05PJ"
          },
          "href" : "https://api.spotify.com/v1/artists/1Xyo4u8uXC1ZmMpatF05PJ",
          "id" : "1Xyo4u8uXC1ZmMpatF05PJ",
          "name" : "The Weeknd",
          "type" : "artist",
          "uri" : "spotify:artist:1Xyo4u8uXC1ZmMpatF05PJ"
        } ],
        "available_markets" : [ "AD", "AE", "AG", "AL", "AM", "AO", "AR", "AT", "AU", "AZ", "BA", "BB", "BD", "BE", "BF", "BG", "BH", "BI", "BJ", "BN", "BO", "BR", "BS", "BT", "BW", "BY", "BZ", "CA", "CD", "CG", "CH", "CI", "CL", "CM", "CO", "CR", "CV", "CW", "CY", "CZ", "DE", "DJ", "DK", "DM", "DO", "DZ", "EC", "EE", "EG", "ES", "FI", "FJ", "FM", "FR", "GA", "GB", "GD", "GE", "GH", "GM", "GN", "GQ", "GR", "GT", "GW", "GY", "HK", "HN", "HR", "HT", "HU", "ID", "IE", "IL", "IN", "IQ", "IS", "IT", "JM", "JO", "JP", "KE", "KG", "KH", "KI", "KM", "KN", "KR", "KW", "KZ", "LA", "LB", "LC", "LI", "LK", "LR", "LS", "LT", "LU", "LV", "LY", "MA", "MC", "MD", "ME", "MG", "MH", "MK", "ML", "MN", "MO", "MR", "MT", "MU", "MV", "MW", "MX", "MY", "MZ", "NA", "NE", "NG", "NI", "NL", "NO", "NP", "NR", "NZ", "OM", "PA", "PE", "PG", "PH", "PK", "PL", "PS", "PT", "PW", "PY", "QA", "RO", "RS", "RW", "SA", "SB", "SC", "SE", "SG", "SI", "SK", "SL", "SM", "SN", "SR", "ST", "SV", "SZ", "TD", "TG", "TH", "TJ", "TL", "TN", "TO", "TR", "TT", "TV", "TW", "TZ", "UA", "UG", "US", "UY", "UZ", "VC", "VE", "VN", "VU", "WS", "XK", "ZA", "ZM", "ZW" ],
        "external_urls" : {
          "spotify" : "https://open.spotify.com/album/1z3fFEPcCWT4KLaOf0ptb0"
        },
        "href" : "https://api.spotify.com/v1/albums/1z3fFEPcCWT4KLaOf0ptb0",
        "id" : "1z3fFEPcCWT4KLaOf0ptb0",
        "images" : [ {
          "height" : 640,
          "url" : "https://i.scdn.co/image/ab67616d0000b2730e4ad806fa4c8ebfdbc4187c",
          "width" : 640
        }, {
          "height" : 300,
          "url" : "https://i.scdn.co/image/ab67616d00001e020e4ad806fa4c8ebfdbc4187c",
          "width" : 300
        }, {
          "height" : 64,
          "url" : "https://i.scdn.co/image/ab67616d000048510e4ad806fa4c8ebfdbc4187c",
          "width" : 64
        } ],
        "name" : "Blinding Lights (Instrumental)",
        "release_date" : "2020-09-11",
        "release_date_precision" : "day",
        "total_tracks" : 1,
        "type" : "album",
        "uri" : "spotify:album:1z3fFEPcCWT4KLaOf0ptb0"
      },
      "artists" : [ {
        "external_urls" : {
          "spotify" : "https://open.spotify.com/artist/1Xyo4u8uXC1ZmMpatF05PJ"
        },
        "href" : "https://api.spotify.com/v1/artists/1Xyo4u8uXC1ZmMpatF05PJ",
        "id" : "1Xyo4u8uXC1ZmMpatF05PJ",
        "name" : "The Weeknd",
        "type" : "artist",
        "uri" : "spotify:artist:1Xyo4u8uXC1ZmMpatF05PJ"
      } ],
      "available_markets" : [ "AD", "AE", "AG", "AL", "AM", "AO", "AR", "AT", "AU", "AZ", "BA", "BB", "BD", "BE", "BF", "BG", "BH", "BI", "BJ", "BN", "BO", "BR", "BS", "BT", "BW", "BY", "BZ", "CA", "CD", "CG", "CH", "CI", "CL", "CM", "CO", "CR", "CV", "CW", "CY", "CZ", "DE", "DJ", "DK", "DM", "DO", "DZ", "EC", "EE", "EG", "ES", "FI", "FJ", "FM", "FR", "GA", "GB", "GD", "GE", "GH", "GM", "GN", "GQ", "GR", "GT", "GW", "GY", "HK", "HN", "HR", "HT", "HU", "ID", "IE", "IL", "IN", "IQ", "IS", "IT", "JM", "JO", "JP", "KE", "KG", "KH", "KI", "KM", "KN", "KR", "KW", "KZ", "LA", "LB", "LC", "LI", "LK", "LR", "LS", "LT", "LU", "LV", "LY", "MA", "MC", "MD", "ME", "MG", "MH", "MK", "ML", "MN", "MO", "MR", "MT", "MU", "MV", "MW", "MX", "MY", "MZ", "NA", "NE", "NG", "NI", "NL", "NO", "NP", "NR", "NZ", "OM", "PA", "PE", "PG", "PH", "PK", "PL", "PS", "PT", "PW", "PY", "QA", "RO", "RS", "RW", "SA", "SB", "SC", "SE", "SG", "SI", "SK", "SL", "SM", "SN", "SR", "ST", "SV", "SZ", "TD", "TG", "TH", "TJ", "TL", "TN", "TO", "TR", "TT", "TV", "TW", "TZ", "UA", "UG", "US", "UY", "UZ", "VC", "VE", "VN", "VU", "WS", "XK", "ZA", "ZM", "ZW" ],
      "disc_number" : 1,
      "duration_ms" : 202104,
      "explicit" : false,
      "external_ids" : {
        "isrc" : "USUG12003586"
      },
      "external_urls" : {
        "spotify" : "https://open.spotify.com/track/6zaxxZxxjUJ0I3AYkzp2WA"
      },
      "href" : "https://api.spotify.com/v1/tracks/6zaxxZxxjUJ0I3AYkzp2WA",
      "id" : "6zaxxZxxjUJ0I3AYkzp2WA",
      "is_local" : false,
      "name" : "Blinding Lights - Instrumental",
      "popularity" : 41,
      "preview_url" : null,
      "track_number" : 1,
      "type" : "track",
      "uri" : "spotify:track:6zaxxZxxjUJ0I3AYkzp2WA"
    } ],
    "limit" : 20,
    "next" : "https://api.spotify.com/v1/search?query=Blinding+Lights&type=track&offset=20&limit=20",
    "offset" : 0,
    "previous" : null,
    "total" : 3933
  }
}


